Removed Pin From Net: NetName=VDD_GPU Pin=C20-1
Removed Pin From Net: NetName=VDD_GPU Pin=C20-2
Removed Pin From Net: NetName=VDD_GPU Pin=C23-1
Removed Pin From Net: NetName=VDD_GPU Pin=C24-1
Removed Pin From Net: NetName=VDD_GPU Pin=C25-2
Removed Pin From Net: NetName=VDD_GPU Pin=C26-2
Removed Pin From Net: NetName=VDD_GPU Pin=C28-1
Removed Pin From Net: NetName=VDD_GPU Pin=C28-2
Removed Pin From Net: NetName=VDD_GPU Pin=C73-1
Removed Pin From Net: NetName=VDD_GPU Pin=C73-2
Removed Pin From Net: NetName=VDD_GPU Pin=C74-1
Removed Pin From Net: NetName=VDD_GPU Pin=C74-2
Removed Pin From Net: NetName=VDD_GPU Pin=C75-1
Removed Pin From Net: NetName=VDD_GPU Pin=C75-2
Removed Pin From Net: NetName=VDD_GPU Pin=C76-1
Removed Pin From Net: NetName=VDD_GPU Pin=C76-2
Removed Pin From Net: NetName=VDD_GPU Pin=C77-1
Removed Pin From Net: NetName=VDD_CPU Pin=C77-2
Removed Pin From Net: NetName=VDD_GPU Pin=C78-1
Removed Pin From Net: NetName=VDD_CPU Pin=C78-2
Removed Pin From Net: NetName=VDD_GPU Pin=C79-1
Removed Pin From Net: NetName=VDD_CPU Pin=C79-2
Removed Pin From Net: NetName=VDD_GPU Pin=C80-1
Removed Pin From Net: NetName=VDD_CPU Pin=C80-2
Removed Pin From Net: NetName=VDD_GPU Pin=C81-1
Removed Pin From Net: NetName=VDD_CPU Pin=C81-2
Removed Pin From Net: NetName=VDD_GPU Pin=C82-1
Removed Pin From Net: NetName=VDD_CPU Pin=C82-2
Removed Pin From Net: NetName=VDD_GPU Pin=C83-1
Removed Pin From Net: NetName=VDD_CPU Pin=C83-2
Removed Pin From Net: NetName=VDD_GPU Pin=C84-1
Removed Pin From Net: NetName=VDD_GPU Pin=C84-2
Removed Pin From Net: NetName=VDD_GPU Pin=C85-1
Removed Pin From Net: NetName=VDD_GPU Pin=C85-2
Removed Pin From Net: NetName=VDD_GPU Pin=C86-1
Removed Pin From Net: NetName=VDD_GPU Pin=C86-2
Removed Pin From Net: NetName=VDD_GPU Pin=C87-1
Removed Pin From Net: NetName=VDD_GPU Pin=C87-2
Removed Pin From Net: NetName=VDD_GPU Pin=C88-1
Removed Pin From Net: NetName=VDD_GPU Pin=C88-2
Removed Pin From Net: NetName=VDD_GPU Pin=C89-1
Removed Pin From Net: NetName=VDD_LOGIC Pin=C89-2
Removed Pin From Net: NetName=VDD_GPU Pin=C90-1
Removed Pin From Net: NetName=VDD_LOGIC Pin=C90-2
Removed Pin From Net: NetName=VDD_GPU Pin=C91-1
Removed Pin From Net: NetName=VDD_LOGIC Pin=C91-2
Removed Pin From Net: NetName=VDD_GPU Pin=C92-1
Removed Pin From Net: NetName=VDD_LOGIC Pin=C92-2
Removed Pin From Net: NetName=VDD_GPU Pin=C93-1
Removed Pin From Net: NetName=VDD_LOGIC Pin=C93-2
Removed Pin From Net: NetName=VDD_GPU Pin=C94-1
Removed Pin From Net: NetName=VDD_LOGIC Pin=C94-2
Removed Pin From Net: NetName=VDD_GPU Pin=C95-1
Removed Pin From Net: NetName=VDD_LOGIC Pin=C95-2
Removed Pin From Net: NetName=VDD_GPU Pin=L2-2
Removed Pin From Net: NetName=VDD_GPU Pin=L3-1
Removed Pin From Net: NetName=VDD_GPU Pin=R44-1
Removed Pin From Net: NetName=VDD_GPU Pin=R44-2
Removed Pin From Net: NetName=VDD_GPU Pin=R45-1
Removed Pin From Net: NetName=VDD_GPU Pin=R45-2
Removed Pin From Net: NetName=VDD_GPU Pin=U1-1B10
Removed Pin From Net: NetName=VDD_GPU Pin=U1-1B11
Removed Pin From Net: NetName=VDD_GPU Pin=U1-1B15
Removed Pin From Net: NetName=VDD_GPU Pin=U1-1B19
Removed Pin From Net: NetName=VDD_GPU Pin=U1-1C4
Removed Pin From Net: NetName=VDD_GPU Pin=U1-1C5
Removed Pin From Net: NetName=VDD_GPU Pin=U1-1C6
Removed Pin From Net: NetName=VDD_GPU Pin=U1-1C8
Removed Pin From Net: NetName=VDD_GPU Pin=U1-1C9
Removed Pin From Net: NetName=VDD_CPU Pin=U1-1C12
Removed Pin From Net: NetName=VDD_GPU Pin=U1-1C14
Removed Pin From Net: NetName=VDD_GPU Pin=U1-1C16
Removed Pin From Net: NetName=VDD_GPU Pin=U1-1C18
Removed Pin From Net: NetName=VDD_GPU Pin=U1-1D1
Removed Pin From Net: NetName=VDD_GPU Pin=U1-1D3
Removed Pin From Net: NetName=VDD_GPU Pin=U1-1D10
Removed Pin From Net: NetName=VDD_CPU Pin=U1-1D11
Removed Pin From Net: NetName=VDD_CPU Pin=U1-1D12
Removed Pin From Net: NetName=VDD_GPU Pin=U1-1D14
Removed Pin From Net: NetName=VDD_GPU Pin=U1-1E3
Removed Pin From Net: NetName=VDD_GPU Pin=U1-1E8
Removed Pin From Net: NetName=VDD_GPU Pin=U1-1E10
Removed Pin From Net: NetName=VDD_CPU Pin=U1-1E11
Removed Pin From Net: NetName=VDD_CPU Pin=U1-1E12
Removed Pin From Net: NetName=VDD_CPU Pin=U1-1E13
Removed Pin From Net: NetName=VDD_GPU Pin=U1-1E14
Removed Pin From Net: NetName=VDD_GPU Pin=U1-1E15
Removed Pin From Net: NetName=VDD_GPU Pin=U1-1E17
Removed Pin From Net: NetName=VDD_GPU Pin=U1-1F6
Removed Pin From Net: NetName=VDD_GPU Pin=U1-1F7
Removed Pin From Net: NetName=VDD_GPU Pin=U1-1F8
Removed Pin From Net: NetName=VDD_GPU Pin=U1-1F9
Removed Pin From Net: NetName=VDD_GPU Pin=U1-1F10
Removed Pin From Net: NetName=VDD_CPU Pin=U1-1F11
Removed Pin From Net: NetName=VDD_CPU Pin=U1-1F12
Removed Pin From Net: NetName=VDD_CPU Pin=U1-1F13
Removed Pin From Net: NetName=VDD_CPU Pin=U1-1F14
Removed Pin From Net: NetName=VDD_GPU Pin=U1-1F15
Removed Pin From Net: NetName=VDD_GPU Pin=U1-1F16
Removed Pin From Net: NetName=VDD_GPU Pin=U1-1F20
Removed Pin From Net: NetName=VDD_GPU Pin=U1-1G3
Removed Pin From Net: NetName=VDD_GPU Pin=U1-1G6
Removed Pin From Net: NetName=VDD_GPU Pin=U1-1G7
Removed Pin From Net: NetName=VDD_GPU Pin=U1-1G8
Removed Pin From Net: NetName=VDD_GPU Pin=U1-1G9
Removed Pin From Net: NetName=VDD_GPU Pin=U1-1G10
Removed Pin From Net: NetName=VDD_GPU Pin=U1-1G11
Removed Pin From Net: NetName=VDD_GPU Pin=U1-1G12
Removed Pin From Net: NetName=VDD_CPU Pin=U1-1G13
Removed Pin From Net: NetName=VDD_GPU Pin=U1-1G14
Removed Pin From Net: NetName=VDD_GPU Pin=U1-1G15
Removed Pin From Net: NetName=VDD_GPU Pin=U1-1G16
Removed Pin From Net: NetName=VDD_GPU Pin=U1-1G18
Removed Pin From Net: NetName=VDD_GPU Pin=U1-1G19
Removed Pin From Net: NetName=VDD_GPU Pin=U1-1G20
Removed Pin From Net: NetName=VDD_GPU Pin=U1-1H1
Removed Pin From Net: NetName=VDD_GPU Pin=U1-1H2
Removed Pin From Net: NetName=VDD_GPU Pin=U1-1H6
Removed Pin From Net: NetName=VDD_LOGIC Pin=U1-1H7
Removed Pin From Net: NetName=VDD_LOGIC Pin=U1-1H8
Removed Pin From Net: NetName=VDD_LOGIC Pin=U1-1H9
Removed Pin From Net: NetName=VDD_LOGIC Pin=U1-1H10
Removed Pin From Net: NetName=VDD_GPU Pin=U1-1H11
Removed Pin From Net: NetName=VDD_GPU Pin=U1-1H12
Removed Pin From Net: NetName=VDD_GPU Pin=U1-1H13
Removed Pin From Net: NetName=VDD_GPU Pin=U1-1H14
Removed Pin From Net: NetName=VDD_GPU Pin=U1-1H15
Removed Pin From Net: NetName=VDD_GPU Pin=U1-1J1
Removed Pin From Net: NetName=VDD_GPU Pin=U1-1J6
Removed Pin From Net: NetName=VDD_LOGIC Pin=U1-1J7
Removed Pin From Net: NetName=VDD_GPU Pin=U1-1J8
Removed Pin From Net: NetName=VDD_GPU Pin=U1-1J9
Removed Pin From Net: NetName=VDD_LOGIC Pin=U1-1J10
Removed Pin From Net: NetName=VDD_GPU Pin=U1-1J11
Removed Pin From Net: NetName=VDD_GPU Pin=U1-1J12
Removed Pin From Net: NetName=VDD_GPU Pin=U1-1J13
Removed Pin From Net: NetName=VDD_GPU Pin=U1-1J14
Removed Pin From Net: NetName=VDD_GPU Pin=U1-1J15
Removed Pin From Net: NetName=VDD_GPU Pin=U1-1J16
Removed Pin From Net: NetName=VDD_GPU Pin=U1-1J18
Removed Pin From Net: NetName=VDD_GPU Pin=U1-1K2
Removed Pin From Net: NetName=VDD_GPU Pin=U1-1K3
Removed Pin From Net: NetName=VDD_GPU Pin=U1-1K4
Removed Pin From Net: NetName=VDD_GPU Pin=U1-1K5
Removed Pin From Net: NetName=VDD_GPU Pin=U1-1K6
Removed Pin From Net: NetName=VDD_LOGIC Pin=U1-1K7
Removed Pin From Net: NetName=VDD_GPU Pin=U1-1K8
Removed Pin From Net: NetName=VDD_GPU Pin=U1-1K9
Removed Pin From Net: NetName=VDD_LOGIC Pin=U1-1K10
Removed Pin From Net: NetName=VDD_GPU Pin=U1-1K11
Removed Pin From Net: NetName=VDD_GPU Pin=U1-1K12
Removed Pin From Net: NetName=VDD_GPU Pin=U1-1K13
Removed Pin From Net: NetName=VDD_GPU Pin=U1-1K14
Removed Pin From Net: NetName=VDD_GPU Pin=U1-1K15
Removed Pin From Net: NetName=VDD_GPU Pin=U1-1K18
Removed Pin From Net: NetName=VDD_GPU Pin=U1-1L3
Removed Pin From Net: NetName=VDD_GPU Pin=U1-1L6
Removed Pin From Net: NetName=VDD_LOGIC Pin=U1-1L7
Removed Pin From Net: NetName=VDD_GPU Pin=U1-1L8
Removed Pin From Net: NetName=VDD_GPU Pin=U1-1L9
Removed Pin From Net: NetName=VDD_GPU Pin=U1-1L10
Removed Pin From Net: NetName=VDD_GPU Pin=U1-1L11
Removed Pin From Net: NetName=VDD_GPU Pin=U1-1L12
Removed Pin From Net: NetName=VDD_GPU Pin=U1-1L13
Removed Pin From Net: NetName=VDD_GPU Pin=U1-1L14
Removed Pin From Net: NetName=VDD_GPU Pin=U1-1L15
Removed Pin From Net: NetName=VDD_GPU Pin=U1-1L19
Removed Pin From Net: NetName=VDD_GPU Pin=U1-1M3
Removed Pin From Net: NetName=VDD_GPU Pin=U1-1M4
Removed Pin From Net: NetName=VDD_GPU Pin=U1-1M5
Removed Pin From Net: NetName=VDD_GPU Pin=U1-1M6
Removed Pin From Net: NetName=VDD_GPU Pin=U1-1M7
Removed Pin From Net: NetName=VDD_GPU Pin=U1-1M8
Removed Pin From Net: NetName=VDD_GPU Pin=U1-1M9
Removed Pin From Net: NetName=VDD_GPU Pin=U1-1M10
Removed Pin From Net: NetName=VDD_GPU Pin=U1-1M11
Removed Pin From Net: NetName=VDD_GPU Pin=U1-1M12
Removed Pin From Net: NetName=VDD_GPU Pin=U1-1M13
Removed Pin From Net: NetName=VDD_GPU Pin=U1-1M14
Removed Pin From Net: NetName=VDD_GPU Pin=U1-1M15
Removed Pin From Net: NetName=VDD_GPU Pin=U1-1M16
Removed Pin From Net: NetName=VDD_GPU Pin=U1-1M17
Removed Pin From Net: NetName=VDD_GPU Pin=U1-1M20
Removed Pin From Net: NetName=VDD_GPU Pin=U1-1N3
Removed Pin From Net: NetName=VDD_GPU Pin=U1-1N4
Removed Pin From Net: NetName=VDD_GPU Pin=U1-1N7
Removed Pin From Net: NetName=VDD_GPU Pin=U1-1N11
Removed Pin From Net: NetName=VDD_GPU Pin=U1-1N12
Removed Pin From Net: NetName=VDD_GPU Pin=U1-1P1
Removed Pin From Net: NetName=VDD_GPU Pin=U1-1P5
Removed Pin From Net: NetName=VDD_GPU Pin=U1-1P6
Removed Pin From Net: NetName=VDD_GPU Pin=U1-1P7
Removed Pin From Net: NetName=VDD_GPU Pin=U1-1P8
Removed Pin From Net: NetName=VDD_GPU Pin=U1-1P10
Removed Pin From Net: NetName=VDD_GPU Pin=U1-1P14
Removed Pin From Net: NetName=VDD_GPU Pin=U1-1P15
Removed Pin From Net: NetName=VDD_GPU Pin=U1-1R3
Removed Pin From Net: NetName=VDD_GPU Pin=U1-1R4
Removed Pin From Net: NetName=VDD_GPU Pin=U1-1R5
Removed Pin From Net: NetName=VDD_GPU Pin=U1-1R6
Removed Pin From Net: NetName=VDD_GPU Pin=U1-1R7
Removed Pin From Net: NetName=VDD_GPU Pin=U1-1R8
Removed Pin From Net: NetName=VDD_GPU Pin=U1-1R9
Removed Pin From Net: NetName=VDD_GPU Pin=U1-1R11
Removed Pin From Net: NetName=VDD_GPU Pin=U1-1R12
Removed Pin From Net: NetName=VDD_GPU Pin=U1-1R13
Removed Pin From Net: NetName=VDD_GPU Pin=U1-1R14
Removed Pin From Net: NetName=VDD_GPU Pin=U1-1R15
Removed Pin From Net: NetName=VDD_GPU Pin=U1-1T3
Removed Pin From Net: NetName=VDD_GPU Pin=U1-1T5
Removed Pin From Net: NetName=VDD_GPU Pin=U1-1T7
Removed Pin From Net: NetName=VDD_GPU Pin=U1-1T8
Removed Pin From Net: NetName=VDD_GPU Pin=U1-1T9
Removed Pin From Net: NetName=VDD_GPU Pin=U1-1T10
Removed Pin From Net: NetName=VDD_GPU Pin=U1-1T11
Removed Pin From Net: NetName=VDD_GPU Pin=U1-1T12
Removed Pin From Net: NetName=VDD_GPU Pin=U1-1T13
Removed Pin From Net: NetName=VDD_GPU Pin=U1-1T14
Removed Pin From Net: NetName=VDD_GPU Pin=U1-1T15
Removed Pin From Net: NetName=VDD_GPU Pin=U1-1T16
Removed Pin From Net: NetName=VDD_GPU Pin=U1-1T17
Removed Pin From Net: NetName=VDD_GPU Pin=U1-1U2
Removed Pin From Net: NetName=VDD_GPU Pin=U1-1U12
Removed Pin From Net: NetName=VDD_GPU Pin=U1-1U13
Removed Pin From Net: NetName=VDD_GPU Pin=U1-1U15
Removed Pin From Net: NetName=VDD_GPU Pin=U1-1U17
Removed Pin From Net: NetName=VDD_GPU Pin=U1-1V1
Removed Pin From Net: NetName=VDD_GPU Pin=U1-1V4
Removed Pin From Net: NetName=VDD_GPU Pin=U1-1V7
Removed Pin From Net: NetName=VDD_GPU Pin=U1-1V12
Removed Pin From Net: NetName=VDD_GPU Pin=U1-1V13
Removed Pin From Net: NetName=VDD_GPU Pin=U1-1V18
Removed Pin From Net: NetName=VDD_GPU Pin=U1-A1
Removed Pin From Net: NetName=VDD_GPU Pin=U1-A2
Removed Pin From Net: NetName=VDD_GPU Pin=U1-A38
Removed Pin From Net: NetName=VDD_GPU Pin=U1-AA2
Removed Pin From Net: NetName=VDD_GPU Pin=U1-AC37
Removed Pin From Net: NetName=VDD_GPU Pin=U1-AD2
Removed Pin From Net: NetName=VDD_GPU Pin=U1-AE37
Removed Pin From Net: NetName=VDD_GPU Pin=U1-AH37
Removed Pin From Net: NetName=VDD_GPU Pin=U1-AL37
Removed Pin From Net: NetName=VDD_GPU Pin=U1-AP2
Removed Pin From Net: NetName=VDD_GPU Pin=U1-AP8
Removed Pin From Net: NetName=VDD_GPU Pin=U1-AP13
Removed Pin From Net: NetName=VDD_GPU Pin=U1-AP16
Removed Pin From Net: NetName=VDD_GPU Pin=U1-AP19
Removed Pin From Net: NetName=VDD_GPU Pin=U1-AP22
Removed Pin From Net: NetName=VDD_GPU Pin=U1-AP25
Removed Pin From Net: NetName=VDD_GPU Pin=U1-AP28
Removed Pin From Net: NetName=VDD_GPU Pin=U1-AP31
Removed Pin From Net: NetName=VDD_GPU Pin=U1-AP34
Removed Pin From Net: NetName=VDD_GPU Pin=U1-AP37
Removed Pin From Net: NetName=VDD_GPU Pin=U1-AR1
Removed Pin From Net: NetName=VDD_GPU Pin=U1-AR38
Removed Pin From Net: NetName=VDD_GPU Pin=U1-B1
Removed Pin From Net: NetName=VDD_GPU Pin=U1-B2
Removed Pin From Net: NetName=VDD_GPU Pin=U1-B6
Removed Pin From Net: NetName=VDD_GPU Pin=U1-B11
Removed Pin From Net: NetName=VDD_GPU Pin=U1-B14
Removed Pin From Net: NetName=VDD_GPU Pin=U1-B18
Removed Pin From Net: NetName=VDD_GPU Pin=U1-B21
Removed Pin From Net: NetName=VDD_GPU Pin=U1-B28
Removed Pin From Net: NetName=VDD_GPU Pin=U1-B31
Removed Pin From Net: NetName=VDD_GPU Pin=U1-D2
Removed Pin From Net: NetName=VDD_GPU Pin=U1-E37
Removed Pin From Net: NetName=VDD_GPU Pin=U1-H37
Removed Pin From Net: NetName=VDD_GPU Pin=U1-J2
Removed Pin From Net: NetName=VDD_GPU Pin=U1-L2
Removed Pin From Net: NetName=VDD_GPU Pin=U1-L37
Removed Pin From Net: NetName=VDD_GPU Pin=U1-P37
Removed Pin From Net: NetName=VDD_GPU Pin=U1-U2
Removed Pin From Net: NetName=VDD_GPU Pin=U1-U37
Removed Pin From Net: NetName=VDD_GPU Pin=U1-W2
Removed Pin From Net: NetName=VDD_GPU Pin=U1-Y37
Removed Pin From Net: NetName=VDD_GPU Pin=U4-8
Removed Pin From Net: NetName=VDD_GPU Pin=U4-64
Change Net Name : Old Net Name=VDD_GPU New Net Name=GND
Add Net: Net with name "VCC3V3_PMU" already exists
Add Net: Net with name "VCC5V0_SYS" already exists
Added Pin To Net: NetName=VDD_GPU Pin=C20-1
Added Pin To Net: NetName=VDD_GPU Pin=C20-2
Added Pin To Net: NetName=VDD_GPU Pin=C23-1
Added Pin To Net: NetName=VDD_GPU Pin=C24-1
Added Pin To Net: NetName=VDD_GPU Pin=L3-1
Added Pin To Net: NetName=VDD_GPU Pin=R44-1
Added Pin To Net: NetName=VDD_GPU Pin=R44-2
Added Pin To Net: NetName=VDD_GPU Pin=U4-8
Added Net: Name=VDD_GPU
Added Pin To Net: NetName=VDD_NPU Pin=C25-2
Added Pin To Net: NetName=VDD_NPU Pin=C26-2
Added Pin To Net: NetName=VDD_NPU Pin=C28-1
Added Pin To Net: NetName=VDD_NPU Pin=C28-2
Added Pin To Net: NetName=VDD_NPU Pin=L2-2
Added Pin To Net: NetName=VDD_NPU Pin=R45-1
Added Pin To Net: NetName=VDD_NPU Pin=R45-2
Added Pin To Net: NetName=VDD_NPU Pin=U4-64
Added Net: Name=VDD_NPU
Added Class: Name=RK_DDR
Added Rule: Name=Schematic Supply Nets
Added Rule: Name=Schematic Supply Nets_9
