Removed Pin From Net: NetName=SDMMC1_CLK Pin=R10-2
Remove Pin from Net: Failed to remove Pin
Remove Pin from Net: Failed to remove Pin
Remove Pin from Net: Failed to remove Pin
Remove Pin from Net: Failed to remove Pin
Remove Pin from Net: Failed to remove Pin
Remove Pin from Net: Failed to remove Pin
Remove Pin from Net: Failed to remove Pin
Remove Pin from Net: Failed to remove Pin
Remove Pin from Net: Failed to remove Pin
Remove Pin from Net: Failed to remove Pin
Remove Pin from Net: Failed to remove Pin
Remove Pin from Net: Failed to remove Pin
Remove Pin from Net: Failed to remove Pin
Remove Pin from Net: Failed to remove Pin
Remove Pin from Net: Failed to remove Pin
Remove Pin from Net: Failed to remove Pin
Remove Pin from Net: Failed to remove Pin
Remove Pin from Net: Failed to remove Pin
Remove Pin from Net: Failed to remove Pin
Remove Pin from Net: Failed to remove Pin
Remove Pin from Net: Failed to remove Pin
Remove Pin from Net: Failed to remove Pin
Remove Pin from Net: Failed to remove Pin
Remove Pin from Net: Failed to remove Pin
Remove Pin from Net: Failed to remove Pin
Remove Pin from Net: Failed to remove Pin
Remove Pin from Net: Failed to remove Pin
Remove Pin from Net: Failed to remove Pin
Remove Pin from Net: Failed to remove Pin
Remove Pin from Net: Failed to remove Pin
Remove Pin from Net: Failed to remove Pin
Remove Pin from Net: Failed to remove Pin
Remove Pin from Net: Failed to remove Pin
Remove Pin from Net: Failed to remove Pin
Remove Pin from Net: Failed to remove Pin
Remove Pin from Net: Failed to remove Pin
Remove Pin from Net: Failed to remove Pin
Remove Pin from Net: Failed to remove Pin
Remove Pin from Net: Failed to remove Pin
Remove Pin from Net: Failed to remove Pin
Remove Pin from Net: Failed to remove Pin
Remove Pin from Net: Failed to remove Pin
Remove Pin from Net: Failed to remove Pin
Remove Pin from Net: Failed to remove Pin
Remove Pin from Net: Failed to remove Pin
Remove Pin from Net: Failed to remove Pin
Remove Pin from Net: Failed to remove Pin
Remove Pin from Net: Failed to remove Pin
Remove Pin from Net: Failed to remove Pin
Remove Pin from Net: Failed to remove Pin
Remove Pin from Net: Failed to remove Pin
Remove Pin from Net: Failed to remove Pin
Remove Pin from Net: Failed to remove Pin
Removed Pin From Net: NetName=TP_INT_A Pin=U1-A22
Remove Pin from Net: Failed to remove Pin
Remove Pin from Net: Failed to remove Pin
Remove Pin from Net: Failed to remove Pin
Remove Pin from Net: Failed to remove Pin
Remove Pin from Net: Failed to remove Pin
Remove Pin from Net: Failed to remove Pin
Remove Pin from Net: Failed to remove Pin
Remove Pin from Net: Failed to remove Pin
Remove Pin from Net: Failed to remove Pin
Remove Pin from Net: Failed to remove Pin
Remove Pin from Net: Failed to remove Pin
Remove Pin from Net: Failed to remove Pin
Remove Pin from Net: Failed to remove Pin
Remove Pin from Net: Failed to remove Pin
Remove Pin from Net: Failed to remove Pin
Remove Pin from Net: Failed to remove Pin
Remove Pin from Net: Failed to remove Pin
Remove Pin from Net: Failed to remove Pin
Remove Pin from Net: Failed to remove Pin
Remove Pin from Net: Failed to remove Pin
Remove Pin from Net: Failed to remove Pin
Remove Pin from Net: Failed to remove Pin
Remove Pin from Net: Failed to remove Pin
Remove Pin from Net: Failed to remove Pin
Remove Pin from Net: Failed to remove Pin
Remove Pin from Net: Failed to remove Pin
Remove Pin from Net: Failed to remove Pin
Remove Pin from Net: Failed to remove Pin
Remove Pin from Net: Failed to remove Pin
Remove Pin from Net: Failed to remove Pin
Remove Pin from Net: Failed to remove Pin
Remove Pin from Net: Failed to remove Pin
Remove Pin from Net: Failed to remove Pin
Remove Pin from Net: Failed to remove Pin
Remove Pin from Net: Failed to remove Pin
Remove Pin from Net: Failed to remove Pin
Remove Pin from Net: Failed to remove Pin
Remove Pin from Net: Failed to remove Pin
Remove Pin from Net: Failed to remove Pin
Remove Pin from Net: Failed to remove Pin
Remove Pin from Net: Failed to remove Pin
Remove Pin from Net: Failed to remove Pin
Remove Pin from Net: Failed to remove Pin
Removed Pin From Net: NetName=TP_RST Pin=U1-B22
Remove Pin from Net: Failed to remove Pin
Remove Pin from Net: Failed to remove Pin
Remove Pin from Net: Failed to remove Pin
Remove Pin from Net: Failed to remove Pin
Remove Pin from Net: Failed to remove Pin
Remove Pin from Net: Failed to remove Pin
Remove Pin from Net: Failed to remove Pin
Remove Pin from Net: Failed to remove Pin
Remove Pin from Net: Failed to remove Pin
Remove Pin from Net: Failed to remove Pin
Remove Pin from Net: Failed to remove Pin
Remove Pin from Net: Failed to remove Pin
Remove Pin from Net: Failed to remove Pin
Remove Pin from Net: Failed to remove Pin
Remove Pin from Net: Failed to remove Pin
Remove Pin from Net: Failed to remove Pin
Remove Pin from Net: Failed to remove Pin
Remove Pin from Net: Failed to remove Pin
Remove Pin from Net: Failed to remove Pin
Remove Pin from Net: Failed to remove Pin
Remove Pin from Net: Failed to remove Pin
Remove Pin from Net: Failed to remove Pin
Remove Pin from Net: Failed to remove Pin
Remove Pin from Net: Failed to remove Pin
Remove Pin from Net: Failed to remove Pin
Removed Member From Class: ClassName=RK_VO_Interface Member=U1
Added Component: Designator=R?(R0402)
Added Pin To Net: NetName=SDMMC1_CLK Pin=R?-2
Added Pin To Net: NetName=LPDDR4_A5_A Pin=U1-1A1
Added Pin To Net: NetName=LPDDR4_CKE1_B Pin=U1-1A2
Added Pin To Net: NetName=LPDDR4_CKE0_B Pin=U1-1A3
Added Pin To Net: NetName=LPDDR4_CS1n_B Pin=U1-1A5
Added Pin To Net: NetName=LPDDR4_A4_B Pin=U1-1A6
Added Pin To Net: NetName=LPDDR4_DQ3_B Pin=U1-1A7
Added Pin To Net: NetName=LPDDR4_DQ2_B Pin=U1-1A8
Added Pin To Net: NetName=LPDDR4_DQ7_B Pin=U1-1A9
Added Pin To Net: NetName=LPDDR4_DQ5_B Pin=U1-1A10
Added Pin To Net: NetName=LPDDR4_DM1_B Pin=U1-1A11
Added Pin To Net: NetName=EMMC_DATA_STROBE/FLASH_CLE Pin=U1-1A16
Added Pin To Net: NetName=LPDDR4_A4_A Pin=U1-1B1
Added Pin To Net: NetName=LPDDR4_A3_A Pin=U1-1B3
Added Pin To Net: NetName=LPDDR4_CS0n_B Pin=U1-1B5
Added Pin To Net: NetName=LPDDR4_A3_B Pin=U1-1B6
Added Pin To Net: NetName=LPDDR4_A2_B Pin=U1-1B7
Added Pin To Net: NetName=LPDDR4_DM0_B Pin=U1-1B8
Added Pin To Net: NetName=LPDDR4_DQ6_B Pin=U1-1B9
Added Pin To Net: NetName=EMMC_RSTN Pin=U1-1B16
Added Pin To Net: NetName=LPDDR4_A2_A Pin=U1-1C1
Added Pin To Net: NetName=LPDDR4_CKE1_A Pin=U1-1C3
Added Pin To Net: NetName=LPDDR4_RESETN Pin=U1-1C7
Added Pin To Net: NetName=LPDDR4_DQ14_B Pin=U1-1C10
Added Pin To Net: NetName=SDMMC0_D2 Pin=U1-1D20
Added Pin To Net: NetName=LPDDR4_DQ7_A Pin=U1-1E1
Added Pin To Net: NetName=LPDDR4_DM0_A Pin=U1-1E2
Added Pin To Net: NetName=SDMMC0_CMD Pin=U1-1E19
Added Pin To Net: NetName=SDMMC0_D0 Pin=U1-1E20
Added Pin To Net: NetName=LPDDR4_DQ14_A Pin=U1-1F1
Added Pin To Net: NetName=LPDDR4_DQ13_A Pin=U1-1F2
Added Pin To Net: NetName=SDMMC0_D3 Pin=U1-1F18
Added Pin To Net: NetName=SDMMC0_D1 Pin=U1-1F19
Added Pin To Net: NetName=LPDDR4_DM1_A Pin=U1-1G1
Added Pin To Net: NetName=LPDDR4_DQ15_A Pin=U1-1G2
Added Pin To Net: NetName=NetR35_2 Pin=U1-1M18
Added Pin To Net: NetName=GND Pin=U1-1P11
Added Pin To Net: NetName=GND Pin=U1-1P12
Added Pin To Net: NetName=MIPI_DSI_CLKN Pin=U1-1U11
Added Pin To Net: NetName=NetR27_2 Pin=U1-1U16
Added Pin To Net: NetName=HDMITX_CEC_M0 Pin=U1-1V5
Added Pin To Net: NetName=MIPI_DSI_CLKP Pin=U1-1V11
Added Pin To Net: NetName=HDMI_TX_HPDIN Pin=U1-1V17
Added Pin To Net: NetName=LPDDR4_CS1n_A Pin=U1-A3
Added Pin To Net: NetName=LPDDR4_CLKP_A Pin=U1-A5
Added Pin To Net: NetName=LPDDR4_CLKP_B Pin=U1-A7
Added Pin To Net: NetName=LPDDR4_A0_B Pin=U1-A9
Added Pin To Net: NetName=LPDDR4_ODT0_CA_B Pin=U1-A10
Added Pin To Net: NetName=LPDDR4_DQS0N_B Pin=U1-A12
Added Pin To Net: NetName=LPDDR4_DQS0P_B Pin=U1-A13
Added Pin To Net: NetName=LPDDR4_DQ12_B Pin=U1-A15
Added Pin To Net: NetName=LPDDR4_DQS1P_B Pin=U1-A17
Added Pin To Net: NetName=LPDDR4_DQ9_B Pin=U1-A19
Added Pin To Net: NetName=LPDDR4_DQ10_B Pin=U1-A20
Added Pin To Net: NetName=EMMC_CMD Pin=U1-A27
Added Pin To Net: NetName=NetR2_2 Pin=U1-A29
Added Pin To Net: NetName=EMMC_D5/FLASH_D5 Pin=U1-A30
Added Pin To Net: NetName=EMMC_D0/FLASH_D0 Pin=U1-A32
Added Pin To Net: NetName=EMMC_D7/FLASH_D7 Pin=U1-A33
Added Pin To Net: NetName=NetC8_2 Pin=U1-AD37
Added Pin To Net: NetName=NetR33_2 Pin=U1-AD38
Added Pin To Net: NetName=SDMMC0_DET_L Pin=U1-AF37
Added Pin To Net: NetName=I2C1_SCL_TP Pin=U1-AK37
Added Pin To Net: NetName=I2C1_SDA_TP Pin=U1-AM38
Added Pin To Net: NetName=PWM5_LCD_BL Pin=U1-AN37
Added Pin To Net: NetName=HDMITX_SDA Pin=U1-AP11
Added Pin To Net: NetName=MIPI_DSI_3N Pin=U1-AP20
Added Pin To Net: NetName=MIPI_DSI_2P Pin=U1-AP21
Added Pin To Net: NetName=MIPI_DSI_1N Pin=U1-AP23
Added Pin To Net: NetName=MIPI_DSI_0P Pin=U1-AP24
Added Pin To Net: NetName=NetR26_2 Pin=U1-AP32
Added Pin To Net: NetName=NetR23_2 Pin=U1-AP33
Added Pin To Net: NetName=NetR22_2 Pin=U1-AP35
Added Pin To Net: NetName=NetR19_2 Pin=U1-AP36
Added Pin To Net: NetName=HDMITX_SCL Pin=U1-AR12
Added Pin To Net: NetName=MIPI_DSI_3P Pin=U1-AR20
Added Pin To Net: NetName=MIPI_DSI_2N Pin=U1-AR21
Added Pin To Net: NetName=MIPI_DSI_1P Pin=U1-AR23
Added Pin To Net: NetName=MIPI_DSI_0N Pin=U1-AR24
Added Pin To Net: NetName=NetR25_2 Pin=U1-AR32
Added Pin To Net: NetName=NetR24_2 Pin=U1-AR33
Added Pin To Net: NetName=NetR21_2 Pin=U1-AR35
Added Pin To Net: NetName=NetR20_2 Pin=U1-AR36
Added Pin To Net: NetName=LPDDR4_CS0n_A Pin=U1-B3
Added Pin To Net: NetName=LPDDR4_CKE0_A Pin=U1-B4
Added Pin To Net: NetName=LPDDR4_CLKN_A Pin=U1-B5
Added Pin To Net: NetName=LPDDR4_CLKN_B Pin=U1-B7
Added Pin To Net: NetName=LPDDR4_A5_B Pin=U1-B8
Added Pin To Net: NetName=LPDDR4_A1_B Pin=U1-B9
Added Pin To Net: NetName=LPDDR4_DQ1_B Pin=U1-B10
Added Pin To Net: NetName=LPDDR4_DQ0_B Pin=U1-B12
Added Pin To Net: NetName=LPDDR4_DQ4_B Pin=U1-B13
Added Pin To Net: NetName=LPDDR4_DQ13_B Pin=U1-B15
Added Pin To Net: NetName=LPDDR4_DQ15_B Pin=U1-B16
Added Pin To Net: NetName=LPDDR4_DQS1N_B Pin=U1-B17
Added Pin To Net: NetName=LPDDR4_DQ8_B Pin=U1-B19
Added Pin To Net: NetName=LPDDR4_DQ11_B Pin=U1-B20
Added Pin To Net: NetName=EMMC_D1/FLASH_D1 Pin=U1-B27
Added Pin To Net: NetName=EMMC_D3/FLASH_D3 Pin=U1-B29
Added Pin To Net: NetName=EMMC_D6/FLASH_D6 Pin=U1-B30
Added Pin To Net: NetName=EMMC_D2/FLASH_D2 Pin=U1-B32
Added Pin To Net: NetName=EMMC_D4/FLASH_D4 Pin=U1-B33
Added Pin To Net: NetName=LPDDR4_A1_A Pin=U1-C1
Added Pin To Net: NetName=LPDDR4_A0_A Pin=U1-C2
Added Pin To Net: NetName=LPDDR4_DQ3_A Pin=U1-E1
Added Pin To Net: NetName=LPDDR4_ODT0_CA_A Pin=U1-E2
Added Pin To Net: NetName=LPDDR4_DQ2_A Pin=U1-F1
Added Pin To Net: NetName=LPDDR4_DQ1_A Pin=U1-F2
Added Pin To Net: NetName=LPDDR4_DQ0_A Pin=U1-G2
Added Pin To Net: NetName=NetR9_1 Pin=U1-G38
Added Pin To Net: NetName=LPDDR4_DQS0N_A Pin=U1-H1
Added Pin To Net: NetName=LPDDR4_DQS0P_A Pin=U1-H2
Added Pin To Net: NetName=LPDDR4_DQ5_A Pin=U1-K1
Added Pin To Net: NetName=LPDDR4_DQ6_A Pin=U1-K2
Added Pin To Net: NetName=LPDDR4_DQ12_A Pin=U1-M1
Added Pin To Net: NetName=LPDDR4_DQ4_A Pin=U1-M2
Added Pin To Net: NetName=LPDDR4_DQS1P_A Pin=U1-N1
Added Pin To Net: NetName=LPDDR4_DQS1N_A Pin=U1-N2
Added Pin To Net: NetName=LPDDR4_DQ8_A Pin=U1-P2
Added Pin To Net: NetName=LPDDR4_DQ9_A Pin=U1-R1
Added Pin To Net: NetName=LPDDR4_DQ10_A Pin=U1-R2
Added Pin To Net: NetName=LPDDR4_DQ11_A Pin=U1-T2
Added Pin To Net: NetName=NetR?_1 Pin=R?-1
Added Pin To Net: NetName=NetR?_1 Pin=U1-B37
Added Net: Name=NetR?_1
Add Net: Net with name "TP_INT_A" already exists
Add Net: Net with name "TP_RST" already exists
Change Class Name : Old Net Name=RK_FLASH_SD New Net Name=RK_FLASH_SD_SARADC
Added Member To Class: ClassName=RK_FLASH_SD_SARADC Member=Component R? 22O
