Removed Pin From Net: NetName=VCC5V0_USB_HOST Pin=USB2-1
Removed Pin From Net: NetName=NetR77_2 Pin=USB2-2
Removed Pin From Net: NetName=NetR80_2 Pin=USB2-3
Removed Pin From Net: NetName=VDD_GPU Pin=USB2-4
Removed Pin From Net: NetName=VDD_GPU Pin=USB2-5
Removed Pin From Net: NetName=VDD_GPU Pin=USB2-6
Removed Pin From Net: NetName=VDD_GPU Pin=USB2-7
Removed Member From Class: ClassName=USB_OTG_AND_HOST Member=USB2
Added Component: Designator=USB??(USB-A-TH_AF-10.0-HC6.3)
Add component (AddParameter): Name = "Add into BOM"; Value = "yes"; VariantName = "[No Variations]"
Add component (AddParameter): Name = "Connector Type"; Value = "Type-A"; VariantName = "[No Variations]"
Add component (AddParameter): Name = "Convert to PCB"; Value = "yes"; VariantName = "[No Variations]"
Add component (AddParameter): Name = "Current Rating-Power"; Value = "2A"; VariantName = "[No Variations]"
Add component (AddParameter): Name = "Datasheet"; Value = "https://item.szlcsc.com/datasheet/906-162A1011D10200/40400.html"; VariantName = "[No Variations]"
Add component (AddParameter): Name = "Device"; Value = "906-162A1011D10200"; VariantName = "[No Variations]"
Add component (AddParameter): Name = "Gender"; Value = "Female"; VariantName = "[No Variations]"
Add component (AddParameter): Name = "JLCPCB Part Class"; Value = "Extended Part"; VariantName = "[No Variations]"
Add component (AddParameter): Name = "LCSC Part Name"; Value = "Type-A ? ??"; VariantName = "[No Variations]"
Add component (AddParameter): Name = "Manufacturer"; Value = "???"; VariantName = "[No Variations]"
Add component (AddParameter): Name = "Manufacturer Part"; Value = "906-162A1011D10200"; VariantName = "[No Variations]"
Add component (AddParameter): Name = "Mounting Type"; Value = "Vertical, Flag"; VariantName = "[No Variations]"
Add component (AddParameter): Name = "Number of Contacts"; Value = "4P"; VariantName = "[No Variations]"
Add component (AddParameter): Name = "Number of Ports"; Value = "1"; VariantName = "[No Variations]"
Add component (AddParameter): Name = "Operating Temperature"; Value = "-"; VariantName = "[No Variations]"
Add component (AddParameter): Name = "Protocol Standard"; Value = "USB 2.0"; VariantName = "[No Variations]"
Add component (AddParameter): Name = "Supplier"; Value = "LCSC"; VariantName = "[No Variations]"
Add component (AddParameter): Name = "Supplier Footprint"; Value = "??"; VariantName = "[No Variations]"
Add component (AddParameter): Name = "Supplier Part"; Value = "C39417"; VariantName = "[No Variations]"
Add component (AddParameter): Name = "Symbol"; Value = "AFSide of the three straight feet boundless copper14.0PBTWhite plastic90degree"; VariantName = "[No Variations]"
Added Component: Designator=USB?(USB-A-TH_AF-10.0-HC6.3)
Add component (AddParameter): Name = "Add into BOM"; Value = "yes"; VariantName = "[No Variations]"
Add component (AddParameter): Name = "Connector Type"; Value = "Type-A"; VariantName = "[No Variations]"
Add component (AddParameter): Name = "Convert to PCB"; Value = "yes"; VariantName = "[No Variations]"
Add component (AddParameter): Name = "Current Rating-Power"; Value = "2A"; VariantName = "[No Variations]"
Add component (AddParameter): Name = "Datasheet"; Value = "https://item.szlcsc.com/datasheet/906-162A1011D10200/40400.html"; VariantName = "[No Variations]"
Add component (AddParameter): Name = "Device"; Value = "906-162A1011D10200"; VariantName = "[No Variations]"
Add component (AddParameter): Name = "Gender"; Value = "Female"; VariantName = "[No Variations]"
Add component (AddParameter): Name = "JLCPCB Part Class"; Value = "Extended Part"; VariantName = "[No Variations]"
Add component (AddParameter): Name = "LCSC Part Name"; Value = "Type-A ? ??"; VariantName = "[No Variations]"
Add component (AddParameter): Name = "Manufacturer"; Value = "???"; VariantName = "[No Variations]"
Add component (AddParameter): Name = "Manufacturer Part"; Value = "906-162A1011D10200"; VariantName = "[No Variations]"
Add component (AddParameter): Name = "Mounting Type"; Value = "Vertical, Flag"; VariantName = "[No Variations]"
Add component (AddParameter): Name = "Number of Contacts"; Value = "4P"; VariantName = "[No Variations]"
Add component (AddParameter): Name = "Number of Ports"; Value = "1"; VariantName = "[No Variations]"
Add component (AddParameter): Name = "Operating Temperature"; Value = "-"; VariantName = "[No Variations]"
Add component (AddParameter): Name = "Protocol Standard"; Value = "USB 2.0"; VariantName = "[No Variations]"
Add component (AddParameter): Name = "Supplier"; Value = "LCSC"; VariantName = "[No Variations]"
Add component (AddParameter): Name = "Supplier Footprint"; Value = "??"; VariantName = "[No Variations]"
Add component (AddParameter): Name = "Supplier Part"; Value = "C39417"; VariantName = "[No Variations]"
Add component (AddParameter): Name = "Symbol"; Value = "AFSide of the three straight feet boundless copper14.0PBTWhite plastic90degree"; VariantName = "[No Variations]"
Added Pin To Net: NetName=VCC5V0_USB_HOST Pin=USB?-1
Added Pin To Net: NetName=NetR77_2 Pin=USB?-2
Added Pin To Net: NetName=NetR80_2 Pin=USB?-3
Added Pin To Net: NetName=VDD_GPU Pin=USB?-4
Added Pin To Net: NetName=VDD_GPU Pin=USB?-5
Added Pin To Net: NetName=VDD_GPU Pin=USB?-6
Add Pin To Net: Unknown Pin: Pin USB?-7
Add Net: Net with name "VCC3V3_PMU" already exists
Add Net: Net with name "VCC3V3_SYS" already exists
Add Net: Net with name "VCC5V0_SYS" already exists
Add Net: Net with name "VCCA1V8_PMU" already exists
Add Net: Net with name "VCCIO_WL" already exists
Added Member To Class: ClassName=USB_OTG_AND_HOST Member=Component USB?? AF 10.0 HC6.3
Added Member To Class: ClassName=USB_OTG_AND_HOST Member=Component USB? AF 10.0 HC6.3
