Removed Pin From Net: NetName=VDD_GPU Pin=U28-1B10
Removed Pin From Net: NetName=VDD_GPU Pin=U28-1B11
Removed Pin From Net: NetName=VDD_GPU Pin=U28-1B15
Removed Pin From Net: NetName=VDD_GPU Pin=U28-1B19
Removed Pin From Net: NetName=VDD_GPU Pin=U28-1C4
Removed Pin From Net: NetName=VDD_GPU Pin=U28-1C5
Removed Pin From Net: NetName=VDD_GPU Pin=U28-1C6
Removed Pin From Net: NetName=VDD_GPU Pin=U28-1C8
Removed Pin From Net: NetName=VDD_GPU Pin=U28-1C9
Removed Pin From Net: NetName=VDD_CPU Pin=U28-1C12
Removed Pin From Net: NetName=VDD_GPU Pin=U28-1C14
Removed Pin From Net: NetName=VDD_GPU Pin=U28-1C16
Removed Pin From Net: NetName=VDD_GPU Pin=U28-1C18
Removed Pin From Net: NetName=VDD_GPU Pin=U28-1D1
Removed Pin From Net: NetName=VDD_GPU Pin=U28-1D3
Removed Pin From Net: NetName=VDD_GPU Pin=U28-1D10
Removed Pin From Net: NetName=VDD_CPU Pin=U28-1D11
Removed Pin From Net: NetName=VDD_CPU Pin=U28-1D12
Removed Pin From Net: NetName=VDD_GPU Pin=U28-1D14
Removed Pin From Net: NetName=VDD_GPU Pin=U28-1E3
Removed Pin From Net: NetName=VDD_GPU Pin=U28-1E8
Removed Pin From Net: NetName=VDD_GPU Pin=U28-1E10
Removed Pin From Net: NetName=VDD_CPU Pin=U28-1E11
Removed Pin From Net: NetName=VDD_CPU Pin=U28-1E12
Removed Pin From Net: NetName=VDD_CPU Pin=U28-1E13
Removed Pin From Net: NetName=VDD_GPU Pin=U28-1E14
Removed Pin From Net: NetName=VDD_GPU Pin=U28-1E15
Removed Pin From Net: NetName=VDD_GPU Pin=U28-1E17
Removed Pin From Net: NetName=VDD_GPU Pin=U28-1F6
Removed Pin From Net: NetName=VDD_GPU Pin=U28-1F7
Removed Pin From Net: NetName=VDD_GPU Pin=U28-1F8
Removed Pin From Net: NetName=VDD_GPU Pin=U28-1F9
Removed Pin From Net: NetName=VDD_GPU Pin=U28-1F10
Removed Pin From Net: NetName=VDD_CPU Pin=U28-1F11
Removed Pin From Net: NetName=VDD_CPU Pin=U28-1F12
Removed Pin From Net: NetName=VDD_CPU Pin=U28-1F13
Removed Pin From Net: NetName=VDD_CPU Pin=U28-1F14
Removed Pin From Net: NetName=VDD_GPU Pin=U28-1F15
Removed Pin From Net: NetName=VDD_GPU Pin=U28-1F16
Removed Pin From Net: NetName=VDD_GPU Pin=U28-1F20
Removed Pin From Net: NetName=VDD_GPU Pin=U28-1G3
Removed Pin From Net: NetName=VDD_GPU Pin=U28-1G6
Removed Pin From Net: NetName=VDD_GPU Pin=U28-1G7
Removed Pin From Net: NetName=VDD_GPU Pin=U28-1G8
Removed Pin From Net: NetName=VDD_GPU Pin=U28-1G9
Removed Pin From Net: NetName=VDD_GPU Pin=U28-1G10
Removed Pin From Net: NetName=VDD_GPU Pin=U28-1G11
Removed Pin From Net: NetName=VDD_GPU Pin=U28-1G12
Removed Pin From Net: NetName=VDD_CPU Pin=U28-1G13
Removed Pin From Net: NetName=VDD_GPU Pin=U28-1G14
Removed Pin From Net: NetName=VDD_GPU Pin=U28-1G15
Removed Pin From Net: NetName=VDD_GPU Pin=U28-1G16
Removed Pin From Net: NetName=VDD_GPU Pin=U28-1G18
Removed Pin From Net: NetName=VDD_GPU Pin=U28-1G19
Removed Pin From Net: NetName=VDD_GPU Pin=U28-1G20
Removed Pin From Net: NetName=VDD_GPU Pin=U28-1H1
Removed Pin From Net: NetName=VDD_GPU Pin=U28-1H2
Removed Pin From Net: NetName=VDD_GPU Pin=U28-1H6
Removed Pin From Net: NetName=VDD_LOGIC Pin=U28-1H7
Removed Pin From Net: NetName=VDD_LOGIC Pin=U28-1H8
Removed Pin From Net: NetName=VDD_LOGIC Pin=U28-1H9
Removed Pin From Net: NetName=VDD_LOGIC Pin=U28-1H10
Removed Pin From Net: NetName=VDD_GPU Pin=U28-1H11
Removed Pin From Net: NetName=VDD_GPU Pin=U28-1H12
Removed Pin From Net: NetName=VDD_GPU Pin=U28-1H13
Removed Pin From Net: NetName=VDD_GPU Pin=U28-1H14
Removed Pin From Net: NetName=VDD_GPU Pin=U28-1H15
Removed Pin From Net: NetName=VDD_GPU Pin=U28-1J1
Removed Pin From Net: NetName=VDD_GPU Pin=U28-1J6
Removed Pin From Net: NetName=VDD_LOGIC Pin=U28-1J7
Removed Pin From Net: NetName=VDD_GPU Pin=U28-1J8
Removed Pin From Net: NetName=VDD_GPU Pin=U28-1J9
Removed Pin From Net: NetName=VDD_LOGIC Pin=U28-1J10
Removed Pin From Net: NetName=VDD_GPU Pin=U28-1J11
Removed Pin From Net: NetName=VDD_GPU Pin=U28-1J12
Removed Pin From Net: NetName=VDD_GPU Pin=U28-1J13
Removed Pin From Net: NetName=VDD_GPU Pin=U28-1J14
Removed Pin From Net: NetName=VDD_GPU Pin=U28-1J15
Removed Pin From Net: NetName=VDD_GPU Pin=U28-1J16
Removed Pin From Net: NetName=VDD_GPU Pin=U28-1J18
Removed Pin From Net: NetName=VDD_GPU Pin=U28-1K2
Removed Pin From Net: NetName=VDD_GPU Pin=U28-1K3
Removed Pin From Net: NetName=VDD_GPU Pin=U28-1K4
Removed Pin From Net: NetName=VDD_GPU Pin=U28-1K5
Removed Pin From Net: NetName=VDD_GPU Pin=U28-1K6
Removed Pin From Net: NetName=VDD_LOGIC Pin=U28-1K7
Removed Pin From Net: NetName=VDD_GPU Pin=U28-1K8
Removed Pin From Net: NetName=VDD_GPU Pin=U28-1K9
Removed Pin From Net: NetName=VDD_LOGIC Pin=U28-1K10
Removed Pin From Net: NetName=VDD_GPU Pin=U28-1K11
Removed Pin From Net: NetName=VDD_GPU Pin=U28-1K12
Removed Pin From Net: NetName=VDD_GPU Pin=U28-1K13
Removed Pin From Net: NetName=VDD_GPU Pin=U28-1K14
Removed Pin From Net: NetName=VDD_GPU Pin=U28-1K15
Removed Pin From Net: NetName=VDD_GPU Pin=U28-1K18
Removed Pin From Net: NetName=VDD_GPU Pin=U28-1L3
Removed Pin From Net: NetName=VDD_GPU Pin=U28-1L6
Removed Pin From Net: NetName=VDD_LOGIC Pin=U28-1L7
Removed Pin From Net: NetName=VDD_GPU Pin=U28-1L8
Removed Pin From Net: NetName=VDD_GPU Pin=U28-1L9
Removed Pin From Net: NetName=VDD_GPU Pin=U28-1L10
Removed Pin From Net: NetName=VDD_GPU Pin=U28-1L11
Removed Pin From Net: NetName=VDD_GPU Pin=U28-1L12
Removed Pin From Net: NetName=VDD_GPU Pin=U28-1L13
Removed Pin From Net: NetName=VDD_GPU Pin=U28-1L14
Removed Pin From Net: NetName=VDD_GPU Pin=U28-1L15
Removed Pin From Net: NetName=VDD_GPU Pin=U28-1L19
Removed Pin From Net: NetName=VDD_GPU Pin=U28-1M3
Removed Pin From Net: NetName=VDD_GPU Pin=U28-1M4
Removed Pin From Net: NetName=VDD_GPU Pin=U28-1M5
Removed Pin From Net: NetName=VDD_GPU Pin=U28-1M6
Removed Pin From Net: NetName=VDD_GPU Pin=U28-1M7
Removed Pin From Net: NetName=VDD_GPU Pin=U28-1M8
Removed Pin From Net: NetName=VDD_GPU Pin=U28-1M9
Removed Pin From Net: NetName=VDD_GPU Pin=U28-1M10
Removed Pin From Net: NetName=VDD_GPU Pin=U28-1M11
Removed Pin From Net: NetName=VDD_GPU Pin=U28-1M12
Removed Pin From Net: NetName=VDD_GPU Pin=U28-1M13
Removed Pin From Net: NetName=VDD_GPU Pin=U28-1M14
Removed Pin From Net: NetName=VDD_GPU Pin=U28-1M15
Removed Pin From Net: NetName=VDD_GPU Pin=U28-1M16
Removed Pin From Net: NetName=VDD_GPU Pin=U28-1M17
Removed Pin From Net: NetName=VDD_GPU Pin=U28-1M20
Removed Pin From Net: NetName=VDD_GPU Pin=U28-1N3
Removed Pin From Net: NetName=VDD_GPU Pin=U28-1N4
Removed Pin From Net: NetName=VDD_GPU Pin=U28-1N7
Removed Pin From Net: NetName=VDD_GPU Pin=U28-1N11
Removed Pin From Net: NetName=VDD_GPU Pin=U28-1N12
Removed Pin From Net: NetName=VDD_GPU Pin=U28-1P1
Removed Pin From Net: NetName=VDD_GPU Pin=U28-1P5
Removed Pin From Net: NetName=VDD_GPU Pin=U28-1P6
Removed Pin From Net: NetName=VDD_GPU Pin=U28-1P7
Removed Pin From Net: NetName=VDD_GPU Pin=U28-1P8
Removed Pin From Net: NetName=VDD_GPU Pin=U28-1P10
Removed Pin From Net: NetName=VDD_GPU Pin=U28-1P14
Removed Pin From Net: NetName=VDD_GPU Pin=U28-1P15
Removed Pin From Net: NetName=VDD_GPU Pin=U28-1R3
Removed Pin From Net: NetName=VDD_GPU Pin=U28-1R4
Removed Pin From Net: NetName=VDD_GPU Pin=U28-1R5
Removed Pin From Net: NetName=VDD_GPU Pin=U28-1R6
Removed Pin From Net: NetName=VDD_GPU Pin=U28-1R7
Removed Pin From Net: NetName=VDD_GPU Pin=U28-1R8
Removed Pin From Net: NetName=VDD_GPU Pin=U28-1R9
Removed Pin From Net: NetName=VDD_GPU Pin=U28-1R11
Removed Pin From Net: NetName=VDD_GPU Pin=U28-1R12
Removed Pin From Net: NetName=VDD_GPU Pin=U28-1R13
Removed Pin From Net: NetName=VDD_GPU Pin=U28-1R14
Removed Pin From Net: NetName=VDD_GPU Pin=U28-1R15
Removed Pin From Net: NetName=VDD_GPU Pin=U28-1T3
Removed Pin From Net: NetName=VDD_GPU Pin=U28-1T5
Removed Pin From Net: NetName=VDD_GPU Pin=U28-1T7
Removed Pin From Net: NetName=VDD_GPU Pin=U28-1T8
Removed Pin From Net: NetName=VDD_GPU Pin=U28-1T9
Removed Pin From Net: NetName=VDD_GPU Pin=U28-1T10
Removed Pin From Net: NetName=VDD_GPU Pin=U28-1T11
Removed Pin From Net: NetName=VDD_GPU Pin=U28-1T12
Removed Pin From Net: NetName=VDD_GPU Pin=U28-1T13
Removed Pin From Net: NetName=VDD_GPU Pin=U28-1T14
Removed Pin From Net: NetName=VDD_GPU Pin=U28-1T15
Removed Pin From Net: NetName=VDD_GPU Pin=U28-1T16
Removed Pin From Net: NetName=VDD_GPU Pin=U28-1T17
Removed Pin From Net: NetName=VDD_GPU Pin=U28-1U2
Removed Pin From Net: NetName=VDD_GPU Pin=U28-1U12
Removed Pin From Net: NetName=VDD_GPU Pin=U28-1U13
Removed Pin From Net: NetName=VDD_GPU Pin=U28-1U15
Removed Pin From Net: NetName=VDD_GPU Pin=U28-1U17
Removed Pin From Net: NetName=VDD_GPU Pin=U28-1V1
Removed Pin From Net: NetName=VDD_GPU Pin=U28-1V4
Removed Pin From Net: NetName=VDD_GPU Pin=U28-1V7
Removed Pin From Net: NetName=VDD_GPU Pin=U28-1V12
Removed Pin From Net: NetName=VDD_GPU Pin=U28-1V13
Removed Pin From Net: NetName=VDD_GPU Pin=U28-1V18
Removed Pin From Net: NetName=VDD_GPU Pin=U28-A1
Removed Pin From Net: NetName=VDD_GPU Pin=U28-A2
Removed Pin From Net: NetName=VDD_GPU Pin=U28-A38
Removed Pin From Net: NetName=VDD_GPU Pin=U28-AA2
Removed Pin From Net: NetName=VDD_GPU Pin=U28-AC37
Removed Pin From Net: NetName=VDD_GPU Pin=U28-AD2
Removed Pin From Net: NetName=VDD_GPU Pin=U28-AE37
Removed Pin From Net: NetName=VDD_GPU Pin=U28-AH37
Removed Pin From Net: NetName=VDD_GPU Pin=U28-AL37
Removed Pin From Net: NetName=VDD_GPU Pin=U28-AP2
Removed Pin From Net: NetName=VDD_GPU Pin=U28-AP8
Removed Pin From Net: NetName=VDD_GPU Pin=U28-AP13
Removed Pin From Net: NetName=VDD_GPU Pin=U28-AP16
Removed Pin From Net: NetName=VDD_GPU Pin=U28-AP19
Removed Pin From Net: NetName=VDD_GPU Pin=U28-AP22
Removed Pin From Net: NetName=VDD_GPU Pin=U28-AP25
Removed Pin From Net: NetName=VDD_GPU Pin=U28-AP28
Removed Pin From Net: NetName=VDD_GPU Pin=U28-AP31
Removed Pin From Net: NetName=VDD_GPU Pin=U28-AP34
Removed Pin From Net: NetName=VDD_GPU Pin=U28-AP37
Removed Pin From Net: NetName=VDD_GPU Pin=U28-AR1
Removed Pin From Net: NetName=VDD_GPU Pin=U28-AR38
Removed Pin From Net: NetName=VDD_GPU Pin=U28-B1
Removed Pin From Net: NetName=VDD_GPU Pin=U28-B2
Removed Pin From Net: NetName=VDD_GPU Pin=U28-B6
Removed Pin From Net: NetName=VDD_GPU Pin=U28-B11
Removed Pin From Net: NetName=VDD_GPU Pin=U28-B14
Removed Pin From Net: NetName=VDD_GPU Pin=U28-B18
Removed Pin From Net: NetName=VDD_GPU Pin=U28-B21
Removed Pin From Net: NetName=VDD_GPU Pin=U28-B28
Removed Pin From Net: NetName=VDD_GPU Pin=U28-B31
Removed Pin From Net: NetName=VDD_GPU Pin=U28-D2
Removed Pin From Net: NetName=VDD_GPU Pin=U28-E37
Removed Pin From Net: NetName=VDD_GPU Pin=U28-H37
Removed Pin From Net: NetName=VDD_GPU Pin=U28-J2
Removed Pin From Net: NetName=VDD_GPU Pin=U28-L2
Removed Pin From Net: NetName=VDD_GPU Pin=U28-L37
Removed Pin From Net: NetName=VDD_GPU Pin=U28-P37
Removed Pin From Net: NetName=VDD_GPU Pin=U28-U2
Removed Pin From Net: NetName=VDD_GPU Pin=U28-U37
Removed Pin From Net: NetName=VDD_GPU Pin=U28-W2
Removed Pin From Net: NetName=VDD_GPU Pin=U28-Y37
Removed Member From Class: ClassName=RK_POWER Member=U28
Added Pin To Net: NetName=VDD_GPU Pin=U1-1B10
Added Pin To Net: NetName=VDD_GPU Pin=U1-1B11
Added Pin To Net: NetName=VDD_GPU Pin=U1-1B15
Added Pin To Net: NetName=VDD_GPU Pin=U1-1B19
Added Pin To Net: NetName=VDD_GPU Pin=U1-1C4
Added Pin To Net: NetName=VDD_GPU Pin=U1-1C5
Added Pin To Net: NetName=VDD_GPU Pin=U1-1C6
Added Pin To Net: NetName=VDD_GPU Pin=U1-1C8
Added Pin To Net: NetName=VDD_GPU Pin=U1-1C9
Added Pin To Net: NetName=VDD_CPU Pin=U1-1C12
Added Pin To Net: NetName=VDD_GPU Pin=U1-1C14
Added Pin To Net: NetName=VDD_GPU Pin=U1-1C16
Added Pin To Net: NetName=VDD_GPU Pin=U1-1C18
Added Pin To Net: NetName=VDD_GPU Pin=U1-1D1
Added Pin To Net: NetName=VDD_GPU Pin=U1-1D3
Added Pin To Net: NetName=VDD_GPU Pin=U1-1D10
Added Pin To Net: NetName=VDD_CPU Pin=U1-1D11
Added Pin To Net: NetName=VDD_CPU Pin=U1-1D12
Added Pin To Net: NetName=VDD_GPU Pin=U1-1D14
Added Pin To Net: NetName=VDD_GPU Pin=U1-1E3
Added Pin To Net: NetName=VDD_GPU Pin=U1-1E8
Added Pin To Net: NetName=VDD_GPU Pin=U1-1E10
Added Pin To Net: NetName=VDD_CPU Pin=U1-1E11
Added Pin To Net: NetName=VDD_CPU Pin=U1-1E12
Added Pin To Net: NetName=VDD_CPU Pin=U1-1E13
Added Pin To Net: NetName=VDD_GPU Pin=U1-1E14
Added Pin To Net: NetName=VDD_GPU Pin=U1-1E15
Added Pin To Net: NetName=VDD_GPU Pin=U1-1E17
Added Pin To Net: NetName=VDD_GPU Pin=U1-1F6
Added Pin To Net: NetName=VDD_GPU Pin=U1-1F7
Added Pin To Net: NetName=VDD_GPU Pin=U1-1F8
Added Pin To Net: NetName=VDD_GPU Pin=U1-1F9
Added Pin To Net: NetName=VDD_GPU Pin=U1-1F10
Added Pin To Net: NetName=VDD_CPU Pin=U1-1F11
Added Pin To Net: NetName=VDD_CPU Pin=U1-1F12
Added Pin To Net: NetName=VDD_CPU Pin=U1-1F13
Added Pin To Net: NetName=VDD_CPU Pin=U1-1F14
Added Pin To Net: NetName=VDD_GPU Pin=U1-1F15
Added Pin To Net: NetName=VDD_GPU Pin=U1-1F16
Added Pin To Net: NetName=VDD_GPU Pin=U1-1F20
Added Pin To Net: NetName=VDD_GPU Pin=U1-1G3
Added Pin To Net: NetName=VDD_GPU Pin=U1-1G6
Added Pin To Net: NetName=VDD_GPU Pin=U1-1G7
Added Pin To Net: NetName=VDD_GPU Pin=U1-1G8
Added Pin To Net: NetName=VDD_GPU Pin=U1-1G9
Added Pin To Net: NetName=VDD_GPU Pin=U1-1G10
Added Pin To Net: NetName=VDD_GPU Pin=U1-1G11
Added Pin To Net: NetName=VDD_GPU Pin=U1-1G12
Added Pin To Net: NetName=VDD_CPU Pin=U1-1G13
Added Pin To Net: NetName=VDD_GPU Pin=U1-1G14
Added Pin To Net: NetName=VDD_GPU Pin=U1-1G15
Added Pin To Net: NetName=VDD_GPU Pin=U1-1G16
Added Pin To Net: NetName=VDD_GPU Pin=U1-1G18
Added Pin To Net: NetName=VDD_GPU Pin=U1-1G19
Added Pin To Net: NetName=VDD_GPU Pin=U1-1G20
Added Pin To Net: NetName=VDD_GPU Pin=U1-1H1
Added Pin To Net: NetName=VDD_GPU Pin=U1-1H2
Added Pin To Net: NetName=VDD_GPU Pin=U1-1H6
Added Pin To Net: NetName=VDD_LOGIC Pin=U1-1H7
Added Pin To Net: NetName=VDD_LOGIC Pin=U1-1H8
Added Pin To Net: NetName=VDD_LOGIC Pin=U1-1H9
Added Pin To Net: NetName=VDD_LOGIC Pin=U1-1H10
Added Pin To Net: NetName=VDD_GPU Pin=U1-1H11
Added Pin To Net: NetName=VDD_GPU Pin=U1-1H12
Added Pin To Net: NetName=VDD_GPU Pin=U1-1H13
Added Pin To Net: NetName=VDD_GPU Pin=U1-1H14
Added Pin To Net: NetName=VDD_GPU Pin=U1-1H15
Added Pin To Net: NetName=VDD_GPU Pin=U1-1J1
Added Pin To Net: NetName=VDD_GPU Pin=U1-1J6
Added Pin To Net: NetName=VDD_LOGIC Pin=U1-1J7
Added Pin To Net: NetName=VDD_GPU Pin=U1-1J8
Added Pin To Net: NetName=VDD_GPU Pin=U1-1J9
Added Pin To Net: NetName=VDD_LOGIC Pin=U1-1J10
Added Pin To Net: NetName=VDD_GPU Pin=U1-1J11
Added Pin To Net: NetName=VDD_GPU Pin=U1-1J12
Added Pin To Net: NetName=VDD_GPU Pin=U1-1J13
Added Pin To Net: NetName=VDD_GPU Pin=U1-1J14
Added Pin To Net: NetName=VDD_GPU Pin=U1-1J15
Added Pin To Net: NetName=VDD_GPU Pin=U1-1J16
Added Pin To Net: NetName=VDD_GPU Pin=U1-1J18
Added Pin To Net: NetName=VDD_GPU Pin=U1-1K2
Added Pin To Net: NetName=VDD_GPU Pin=U1-1K3
Added Pin To Net: NetName=VDD_GPU Pin=U1-1K4
Added Pin To Net: NetName=VDD_GPU Pin=U1-1K5
Added Pin To Net: NetName=VDD_GPU Pin=U1-1K6
Added Pin To Net: NetName=VDD_LOGIC Pin=U1-1K7
Added Pin To Net: NetName=VDD_GPU Pin=U1-1K8
Added Pin To Net: NetName=VDD_GPU Pin=U1-1K9
Added Pin To Net: NetName=VDD_LOGIC Pin=U1-1K10
Added Pin To Net: NetName=VDD_GPU Pin=U1-1K11
Added Pin To Net: NetName=VDD_GPU Pin=U1-1K12
Added Pin To Net: NetName=VDD_GPU Pin=U1-1K13
Added Pin To Net: NetName=VDD_GPU Pin=U1-1K14
Added Pin To Net: NetName=VDD_GPU Pin=U1-1K15
Added Pin To Net: NetName=VDD_GPU Pin=U1-1K18
Added Pin To Net: NetName=VDD_GPU Pin=U1-1L3
Added Pin To Net: NetName=VDD_GPU Pin=U1-1L6
Added Pin To Net: NetName=VDD_LOGIC Pin=U1-1L7
Added Pin To Net: NetName=VDD_GPU Pin=U1-1L8
Added Pin To Net: NetName=VDD_GPU Pin=U1-1L9
Added Pin To Net: NetName=VDD_GPU Pin=U1-1L10
Added Pin To Net: NetName=VDD_GPU Pin=U1-1L11
Added Pin To Net: NetName=VDD_GPU Pin=U1-1L12
Added Pin To Net: NetName=VDD_GPU Pin=U1-1L13
Added Pin To Net: NetName=VDD_GPU Pin=U1-1L14
Added Pin To Net: NetName=VDD_GPU Pin=U1-1L15
Added Pin To Net: NetName=VDD_GPU Pin=U1-1L19
Added Pin To Net: NetName=VDD_GPU Pin=U1-1M3
Added Pin To Net: NetName=VDD_GPU Pin=U1-1M4
Added Pin To Net: NetName=VDD_GPU Pin=U1-1M5
Added Pin To Net: NetName=VDD_GPU Pin=U1-1M6
Added Pin To Net: NetName=VDD_GPU Pin=U1-1M7
Added Pin To Net: NetName=VDD_GPU Pin=U1-1M8
Added Pin To Net: NetName=VDD_GPU Pin=U1-1M9
Added Pin To Net: NetName=VDD_GPU Pin=U1-1M10
Added Pin To Net: NetName=VDD_GPU Pin=U1-1M11
Added Pin To Net: NetName=VDD_GPU Pin=U1-1M12
Added Pin To Net: NetName=VDD_GPU Pin=U1-1M13
Added Pin To Net: NetName=VDD_GPU Pin=U1-1M14
Added Pin To Net: NetName=VDD_GPU Pin=U1-1M15
Added Pin To Net: NetName=VDD_GPU Pin=U1-1M16
Added Pin To Net: NetName=VDD_GPU Pin=U1-1M17
Added Pin To Net: NetName=VDD_GPU Pin=U1-1M20
Added Pin To Net: NetName=VDD_GPU Pin=U1-1N3
Added Pin To Net: NetName=VDD_GPU Pin=U1-1N4
Added Pin To Net: NetName=VDD_GPU Pin=U1-1N7
Added Pin To Net: NetName=VDD_GPU Pin=U1-1N11
Added Pin To Net: NetName=VDD_GPU Pin=U1-1N12
Added Pin To Net: NetName=VDD_GPU Pin=U1-1P1
Added Pin To Net: NetName=VDD_GPU Pin=U1-1P5
Added Pin To Net: NetName=VDD_GPU Pin=U1-1P6
Added Pin To Net: NetName=VDD_GPU Pin=U1-1P7
Added Pin To Net: NetName=VDD_GPU Pin=U1-1P8
Added Pin To Net: NetName=VDD_GPU Pin=U1-1P10
Added Pin To Net: NetName=VDD_GPU Pin=U1-1P14
Added Pin To Net: NetName=VDD_GPU Pin=U1-1P15
Added Pin To Net: NetName=VDD_GPU Pin=U1-1R3
Added Pin To Net: NetName=VDD_GPU Pin=U1-1R4
Added Pin To Net: NetName=VDD_GPU Pin=U1-1R5
Added Pin To Net: NetName=VDD_GPU Pin=U1-1R6
Added Pin To Net: NetName=VDD_GPU Pin=U1-1R7
Added Pin To Net: NetName=VDD_GPU Pin=U1-1R8
Added Pin To Net: NetName=VDD_GPU Pin=U1-1R9
Added Pin To Net: NetName=VDD_GPU Pin=U1-1R11
Added Pin To Net: NetName=VDD_GPU Pin=U1-1R12
Added Pin To Net: NetName=VDD_GPU Pin=U1-1R13
Added Pin To Net: NetName=VDD_GPU Pin=U1-1R14
Added Pin To Net: NetName=VDD_GPU Pin=U1-1R15
Added Pin To Net: NetName=VDD_GPU Pin=U1-1T3
Added Pin To Net: NetName=VDD_GPU Pin=U1-1T5
Added Pin To Net: NetName=VDD_GPU Pin=U1-1T7
Added Pin To Net: NetName=VDD_GPU Pin=U1-1T8
Added Pin To Net: NetName=VDD_GPU Pin=U1-1T9
Added Pin To Net: NetName=VDD_GPU Pin=U1-1T10
Added Pin To Net: NetName=VDD_GPU Pin=U1-1T11
Added Pin To Net: NetName=VDD_GPU Pin=U1-1T12
Added Pin To Net: NetName=VDD_GPU Pin=U1-1T13
Added Pin To Net: NetName=VDD_GPU Pin=U1-1T14
Added Pin To Net: NetName=VDD_GPU Pin=U1-1T15
Added Pin To Net: NetName=VDD_GPU Pin=U1-1T16
Added Pin To Net: NetName=VDD_GPU Pin=U1-1T17
Added Pin To Net: NetName=VDD_GPU Pin=U1-1U2
Added Pin To Net: NetName=VDD_GPU Pin=U1-1U12
Added Pin To Net: NetName=VDD_GPU Pin=U1-1U13
Added Pin To Net: NetName=VDD_GPU Pin=U1-1U15
Added Pin To Net: NetName=VDD_GPU Pin=U1-1U17
Added Pin To Net: NetName=VDD_GPU Pin=U1-1V1
Added Pin To Net: NetName=VDD_GPU Pin=U1-1V4
Added Pin To Net: NetName=VDD_GPU Pin=U1-1V7
Added Pin To Net: NetName=VDD_GPU Pin=U1-1V12
Added Pin To Net: NetName=VDD_GPU Pin=U1-1V13
Added Pin To Net: NetName=VDD_GPU Pin=U1-1V18
Added Pin To Net: NetName=VDD_GPU Pin=U1-A1
Added Pin To Net: NetName=VDD_GPU Pin=U1-A2
Added Pin To Net: NetName=VDD_GPU Pin=U1-A38
Added Pin To Net: NetName=VDD_GPU Pin=U1-AA2
Added Pin To Net: NetName=VDD_GPU Pin=U1-AC37
Added Pin To Net: NetName=VDD_GPU Pin=U1-AD2
Added Pin To Net: NetName=VDD_GPU Pin=U1-AE37
Added Pin To Net: NetName=VDD_GPU Pin=U1-AH37
Added Pin To Net: NetName=VDD_GPU Pin=U1-AL37
Added Pin To Net: NetName=VDD_GPU Pin=U1-AP2
Added Pin To Net: NetName=VDD_GPU Pin=U1-AP8
Added Pin To Net: NetName=VDD_GPU Pin=U1-AP13
Added Pin To Net: NetName=VDD_GPU Pin=U1-AP16
Added Pin To Net: NetName=VDD_GPU Pin=U1-AP19
Added Pin To Net: NetName=VDD_GPU Pin=U1-AP22
Added Pin To Net: NetName=VDD_GPU Pin=U1-AP25
Added Pin To Net: NetName=VDD_GPU Pin=U1-AP28
Added Pin To Net: NetName=VDD_GPU Pin=U1-AP31
Added Pin To Net: NetName=VDD_GPU Pin=U1-AP34
Added Pin To Net: NetName=VDD_GPU Pin=U1-AP37
Added Pin To Net: NetName=VDD_GPU Pin=U1-AR1
Added Pin To Net: NetName=VDD_GPU Pin=U1-AR38
Added Pin To Net: NetName=VDD_GPU Pin=U1-B1
Added Pin To Net: NetName=VDD_GPU Pin=U1-B2
Added Pin To Net: NetName=VDD_GPU Pin=U1-B6
Added Pin To Net: NetName=VDD_GPU Pin=U1-B11
Added Pin To Net: NetName=VDD_GPU Pin=U1-B14
Added Pin To Net: NetName=VDD_GPU Pin=U1-B18
Added Pin To Net: NetName=VDD_GPU Pin=U1-B21
Added Pin To Net: NetName=VDD_GPU Pin=U1-B28
Added Pin To Net: NetName=VDD_GPU Pin=U1-B31
Added Pin To Net: NetName=VDD_GPU Pin=U1-D2
Added Pin To Net: NetName=VDD_GPU Pin=U1-E37
Added Pin To Net: NetName=VDD_GPU Pin=U1-H37
Added Pin To Net: NetName=VDD_GPU Pin=U1-J2
Added Pin To Net: NetName=VDD_GPU Pin=U1-L2
Added Pin To Net: NetName=VDD_GPU Pin=U1-L37
Added Pin To Net: NetName=VDD_GPU Pin=U1-P37
Added Pin To Net: NetName=VDD_GPU Pin=U1-U2
Added Pin To Net: NetName=VDD_GPU Pin=U1-U37
Added Pin To Net: NetName=VDD_GPU Pin=U1-W2
Added Pin To Net: NetName=VDD_GPU Pin=U1-Y37
Add Net: Net with name "VCC3V3_PMU" already exists
Add Net: Net with name "VCC5V0_SYS" already exists
Added Member To Class: ClassName=RK_POWER Member=Component C76 22uF
Added Member To Class: ClassName=RK_POWER Member=Component U1 RK3566
