Removed Pin From Net: NetName=MIPI_DSI_VCC_LED+ Pin=FPC1-1
Removed Pin From Net: NetName=MIPI_DSI_VCC_LED+ Pin=FPC1-2
Removed Pin From Net: NetName=MIPI_DSI_VCC_LED+ Pin=FPC1-3
Removed Pin From Net: NetName=MIPI_DSI_VCC_LED- Pin=FPC1-5
Removed Pin From Net: NetName=MIPI_DSI_VCC_LED- Pin=FPC1-6
Removed Pin From Net: NetName=MIPI_DSI_VCC_LED- Pin=FPC1-7
Removed Pin From Net: NetName=MIPI_DSI_VCC_LED- Pin=FPC1-8
Removed Pin From Net: NetName=GND Pin=FPC1-9
Removed Pin From Net: NetName=GND Pin=FPC1-10
Removed Pin From Net: NetName=MIPI_DSI_2P Pin=FPC1-11
Removed Pin From Net: NetName=MIPI_DSI_2N Pin=FPC1-12
Removed Pin From Net: NetName=GND Pin=FPC1-13
Removed Pin From Net: NetName=MIPI_DSI_1P Pin=FPC1-14
Removed Pin From Net: NetName=MIPI_DSI_1N Pin=FPC1-15
Removed Pin From Net: NetName=GND Pin=FPC1-16
Removed Pin From Net: NetName=MIPI_DSI_CLKP Pin=FPC1-17
Removed Pin From Net: NetName=MIPI_DSI_CLKN Pin=FPC1-18
Removed Pin From Net: NetName=GND Pin=FPC1-19
Removed Pin From Net: NetName=MIPI_DSI_0P Pin=FPC1-20
Removed Pin From Net: NetName=MIPI_DSI_0N Pin=FPC1-21
Removed Pin From Net: NetName=GND Pin=FPC1-22
Removed Pin From Net: NetName=MIPI_DSI_3P Pin=FPC1-23
Removed Pin From Net: NetName=MIPI_DSI_3N Pin=FPC1-24
Removed Pin From Net: NetName=GND Pin=FPC1-25
Removed Pin From Net: NetName=MIPI_DSI_RESET Pin=FPC1-27
Removed Pin From Net: NetName=VCC_3V3 Pin=FPC1-29
Removed Pin From Net: NetName=VCC_3V3 Pin=FPC1-30
Removed Pin From Net: NetName=VCC_3V3 Pin=FPC1-31
Removed Pin From Net: NetName=GND Pin=FPC1-32
Removed Member From Class: ClassName=MIPI_DSI_TP Member=FPC?
Change Component Designator: OldDesignator=FPC? NewDesignator=FPC1
Added Pin To Net: NetName=MIPI_DSI_VCC_LED+ Pin=FPC1-1
Added Pin To Net: NetName=MIPI_DSI_VCC_LED+ Pin=FPC1-2
Added Pin To Net: NetName=MIPI_DSI_VCC_LED+ Pin=FPC1-3
Added Pin To Net: NetName=MIPI_DSI_VCC_LED- Pin=FPC1-5
Added Pin To Net: NetName=MIPI_DSI_VCC_LED- Pin=FPC1-6
Added Pin To Net: NetName=MIPI_DSI_VCC_LED- Pin=FPC1-7
Added Pin To Net: NetName=MIPI_DSI_VCC_LED- Pin=FPC1-8
Added Pin To Net: NetName=GND Pin=FPC1-9
Added Pin To Net: NetName=GND Pin=FPC1-10
Added Pin To Net: NetName=MIPI_DSI_2P Pin=FPC1-11
Added Pin To Net: NetName=MIPI_DSI_2N Pin=FPC1-12
Added Pin To Net: NetName=GND Pin=FPC1-13
Added Pin To Net: NetName=MIPI_DSI_1P Pin=FPC1-14
Added Pin To Net: NetName=MIPI_DSI_1N Pin=FPC1-15
Added Pin To Net: NetName=GND Pin=FPC1-16
Added Pin To Net: NetName=MIPI_DSI_CLKP Pin=FPC1-17
Added Pin To Net: NetName=MIPI_DSI_CLKN Pin=FPC1-18
Added Pin To Net: NetName=GND Pin=FPC1-19
Added Pin To Net: NetName=MIPI_DSI_0P Pin=FPC1-20
Added Pin To Net: NetName=MIPI_DSI_0N Pin=FPC1-21
Added Pin To Net: NetName=GND Pin=FPC1-22
Added Pin To Net: NetName=MIPI_DSI_3P Pin=FPC1-23
Added Pin To Net: NetName=MIPI_DSI_3N Pin=FPC1-24
Added Pin To Net: NetName=GND Pin=FPC1-25
Added Pin To Net: NetName=MIPI_DSI_RESET Pin=FPC1-27
Added Pin To Net: NetName=VCC_3V3 Pin=FPC1-29
Added Pin To Net: NetName=VCC_3V3 Pin=FPC1-30
Added Pin To Net: NetName=VCC_3V3 Pin=FPC1-31
Added Pin To Net: NetName=GND Pin=FPC1-32
Add Pin To Net: Unknown Pin: Pin USB2-7
