Added Component: Designator=R3(R0402)
Added Component: Designator=R4(R0402)
Added Component: Designator=R5(R0402)
Added Component: Designator=R6(R0402)
Added Component: Designator=R7(R0402)
Added Component: Designator=R8(R0402)
Added Component: Designator=R9(R0402)
Added Component: Designator=U5(DFN1006-2L-BI)
Add component (AddParameter): Name = "Add into BOM"; Value = "yes"; VariantName = "[No Variations]"
Add component (AddParameter): Name = "Clamping Voltage"; Value = "9.8V"; VariantName = "[No Variations]"
Add component (AddParameter): Name = "Convert to PCB"; Value = "yes"; VariantName = "[No Variations]"
Add component (AddParameter): Name = "Datasheet"; Value = "https://item.szlcsc.com/datasheet/ESD5451N/5983779.html"; VariantName = "[No Variations]"
Add component (AddParameter): Name = "Device"; Value = "ESD5451N_C5261080"; VariantName = "[No Variations]"
Add component (AddParameter): Name = "JLCPCB Part Class"; Value = "Extended Part"; VariantName = "[No Variations]"
Add component (AddParameter): Name = "Junction Capacitance"; Value = "15pF"; VariantName = "[No Variations]"
Add component (AddParameter): Name = "LCSC Part Name"; Value = "5V 15pF ??"; VariantName = "[No Variations]"
Add component (AddParameter): Name = "level of protection"; Value = "IEC 61000-4-2"; VariantName = "[No Variations]"
Add component (AddParameter): Name = "Manufacturer"; Value = "HXY MOSFET(?????)"; VariantName = "[No Variations]"
Add component (AddParameter): Name = "Manufacturer Part"; Value = "ESD5451N"; VariantName = "[No Variations]"
Add component (AddParameter): Name = "Number of Channels"; Value = "1.0"; VariantName = "[No Variations]"
Add component (AddParameter): Name = "Peak Pulse Current (Ipp)"; Value = "9A"; VariantName = "[No Variations]"
Add component (AddParameter): Name = "Polarity"; Value = "Bidirectional"; VariantName = "[No Variations]"
Add component (AddParameter): Name = "Reverse Leakage Current (Ir)"; Value = "500nA"; VariantName = "[No Variations]"
Add component (AddParameter): Name = "Reverse Stand-Off Voltage (Vrwm)"; Value = "5V"; VariantName = "[No Variations]"
Add component (AddParameter): Name = "Supplier"; Value = "LCSC"; VariantName = "[No Variations]"
Add component (AddParameter): Name = "Supplier Footprint"; Value = "DFN1006-2L"; VariantName = "[No Variations]"
Add component (AddParameter): Name = "Supplier Part"; Value = "C5261080"; VariantName = "[No Variations]"
Add component (AddParameter): Name = "Symbol"; Value = "ESD5451N_C5261080"; VariantName = "[No Variations]"
Add component (AddParameter): Name = "Type"; Value = "ESD"; VariantName = "[No Variations]"
Add component (AddParameter): Name = "Voltage - Breakdown"; Value = "8V"; VariantName = "[No Variations]"
Added Component: Designator=U6(DFN1006-2L-BI)
Add component (AddParameter): Name = "Add into BOM"; Value = "yes"; VariantName = "[No Variations]"
Add component (AddParameter): Name = "Clamping Voltage"; Value = "9.8V"; VariantName = "[No Variations]"
Add component (AddParameter): Name = "Convert to PCB"; Value = "yes"; VariantName = "[No Variations]"
Add component (AddParameter): Name = "Datasheet"; Value = "https://item.szlcsc.com/datasheet/ESD5451N/5983779.html"; VariantName = "[No Variations]"
Add component (AddParameter): Name = "Device"; Value = "ESD5451N_C5261080"; VariantName = "[No Variations]"
Add component (AddParameter): Name = "JLCPCB Part Class"; Value = "Extended Part"; VariantName = "[No Variations]"
Add component (AddParameter): Name = "Junction Capacitance"; Value = "15pF"; VariantName = "[No Variations]"
Add component (AddParameter): Name = "LCSC Part Name"; Value = "5V 15pF ??"; VariantName = "[No Variations]"
Add component (AddParameter): Name = "level of protection"; Value = "IEC 61000-4-2"; VariantName = "[No Variations]"
Add component (AddParameter): Name = "Manufacturer"; Value = "HXY MOSFET(?????)"; VariantName = "[No Variations]"
Add component (AddParameter): Name = "Manufacturer Part"; Value = "ESD5451N"; VariantName = "[No Variations]"
Add component (AddParameter): Name = "Number of Channels"; Value = "1.0"; VariantName = "[No Variations]"
Add component (AddParameter): Name = "Peak Pulse Current (Ipp)"; Value = "9A"; VariantName = "[No Variations]"
Add component (AddParameter): Name = "Polarity"; Value = "Bidirectional"; VariantName = "[No Variations]"
Add component (AddParameter): Name = "Reverse Leakage Current (Ir)"; Value = "500nA"; VariantName = "[No Variations]"
Add component (AddParameter): Name = "Reverse Stand-Off Voltage (Vrwm)"; Value = "5V"; VariantName = "[No Variations]"
Add component (AddParameter): Name = "Supplier"; Value = "LCSC"; VariantName = "[No Variations]"
Add component (AddParameter): Name = "Supplier Footprint"; Value = "DFN1006-2L"; VariantName = "[No Variations]"
Add component (AddParameter): Name = "Supplier Part"; Value = "C5261080"; VariantName = "[No Variations]"
Add component (AddParameter): Name = "Symbol"; Value = "ESD5451N_C5261080"; VariantName = "[No Variations]"
Add component (AddParameter): Name = "Type"; Value = "ESD"; VariantName = "[No Variations]"
Add component (AddParameter): Name = "Voltage - Breakdown"; Value = "8V"; VariantName = "[No Variations]"
Added Component: Designator=U7(DFN1006-2L-BI)
Add component (AddParameter): Name = "Add into BOM"; Value = "yes"; VariantName = "[No Variations]"
Add component (AddParameter): Name = "Clamping Voltage"; Value = "9.8V"; VariantName = "[No Variations]"
Add component (AddParameter): Name = "Convert to PCB"; Value = "yes"; VariantName = "[No Variations]"
Add component (AddParameter): Name = "Datasheet"; Value = "https://item.szlcsc.com/datasheet/ESD5451N/5983779.html"; VariantName = "[No Variations]"
Add component (AddParameter): Name = "Device"; Value = "ESD5451N_C5261080"; VariantName = "[No Variations]"
Add component (AddParameter): Name = "JLCPCB Part Class"; Value = "Extended Part"; VariantName = "[No Variations]"
Add component (AddParameter): Name = "Junction Capacitance"; Value = "15pF"; VariantName = "[No Variations]"
Add component (AddParameter): Name = "LCSC Part Name"; Value = "5V 15pF ??"; VariantName = "[No Variations]"
Add component (AddParameter): Name = "level of protection"; Value = "IEC 61000-4-2"; VariantName = "[No Variations]"
Add component (AddParameter): Name = "Manufacturer"; Value = "HXY MOSFET(?????)"; VariantName = "[No Variations]"
Add component (AddParameter): Name = "Manufacturer Part"; Value = "ESD5451N"; VariantName = "[No Variations]"
Add component (AddParameter): Name = "Number of Channels"; Value = "1.0"; VariantName = "[No Variations]"
Add component (AddParameter): Name = "Peak Pulse Current (Ipp)"; Value = "9A"; VariantName = "[No Variations]"
Add component (AddParameter): Name = "Polarity"; Value = "Bidirectional"; VariantName = "[No Variations]"
Add component (AddParameter): Name = "Reverse Leakage Current (Ir)"; Value = "500nA"; VariantName = "[No Variations]"
Add component (AddParameter): Name = "Reverse Stand-Off Voltage (Vrwm)"; Value = "5V"; VariantName = "[No Variations]"
Add component (AddParameter): Name = "Supplier"; Value = "LCSC"; VariantName = "[No Variations]"
Add component (AddParameter): Name = "Supplier Footprint"; Value = "DFN1006-2L"; VariantName = "[No Variations]"
Add component (AddParameter): Name = "Supplier Part"; Value = "C5261080"; VariantName = "[No Variations]"
Add component (AddParameter): Name = "Symbol"; Value = "ESD5451N_C5261080"; VariantName = "[No Variations]"
Add component (AddParameter): Name = "Type"; Value = "ESD"; VariantName = "[No Variations]"
Add component (AddParameter): Name = "Voltage - Breakdown"; Value = "8V"; VariantName = "[No Variations]"
Added Component: Designator=U8(TF-SMD_TF-01A)
Added Component: Designator=U9(DFN1006-2L-BI)
Add component (AddParameter): Name = "Add into BOM"; Value = "yes"; VariantName = "[No Variations]"
Add component (AddParameter): Name = "Clamping Voltage"; Value = "9.8V"; VariantName = "[No Variations]"
Add component (AddParameter): Name = "Convert to PCB"; Value = "yes"; VariantName = "[No Variations]"
Add component (AddParameter): Name = "Datasheet"; Value = "https://item.szlcsc.com/datasheet/ESD5451N/5983779.html"; VariantName = "[No Variations]"
Add component (AddParameter): Name = "Device"; Value = "ESD5451N_C5261080"; VariantName = "[No Variations]"
Add component (AddParameter): Name = "JLCPCB Part Class"; Value = "Extended Part"; VariantName = "[No Variations]"
Add component (AddParameter): Name = "Junction Capacitance"; Value = "15pF"; VariantName = "[No Variations]"
Add component (AddParameter): Name = "LCSC Part Name"; Value = "5V 15pF ??"; VariantName = "[No Variations]"
Add component (AddParameter): Name = "level of protection"; Value = "IEC 61000-4-2"; VariantName = "[No Variations]"
Add component (AddParameter): Name = "Manufacturer"; Value = "HXY MOSFET(?????)"; VariantName = "[No Variations]"
Add component (AddParameter): Name = "Manufacturer Part"; Value = "ESD5451N"; VariantName = "[No Variations]"
Add component (AddParameter): Name = "Number of Channels"; Value = "1.0"; VariantName = "[No Variations]"
Add component (AddParameter): Name = "Peak Pulse Current (Ipp)"; Value = "9A"; VariantName = "[No Variations]"
Add component (AddParameter): Name = "Polarity"; Value = "Bidirectional"; VariantName = "[No Variations]"
Add component (AddParameter): Name = "Reverse Leakage Current (Ir)"; Value = "500nA"; VariantName = "[No Variations]"
Add component (AddParameter): Name = "Reverse Stand-Off Voltage (Vrwm)"; Value = "5V"; VariantName = "[No Variations]"
Add component (AddParameter): Name = "Supplier"; Value = "LCSC"; VariantName = "[No Variations]"
Add component (AddParameter): Name = "Supplier Footprint"; Value = "DFN1006-2L"; VariantName = "[No Variations]"
Add component (AddParameter): Name = "Supplier Part"; Value = "C5261080"; VariantName = "[No Variations]"
Add component (AddParameter): Name = "Symbol"; Value = "ESD5451N_C5261080"; VariantName = "[No Variations]"
Add component (AddParameter): Name = "Type"; Value = "ESD"; VariantName = "[No Variations]"
Add component (AddParameter): Name = "Voltage - Breakdown"; Value = "8V"; VariantName = "[No Variations]"
Added Component: Designator=U10(DFN1006-2L-BI)
Add component (AddParameter): Name = "Add into BOM"; Value = "yes"; VariantName = "[No Variations]"
Add component (AddParameter): Name = "Clamping Voltage"; Value = "9.8V"; VariantName = "[No Variations]"
Add component (AddParameter): Name = "Convert to PCB"; Value = "yes"; VariantName = "[No Variations]"
Add component (AddParameter): Name = "Datasheet"; Value = "https://item.szlcsc.com/datasheet/ESD5451N/5983779.html"; VariantName = "[No Variations]"
Add component (AddParameter): Name = "Device"; Value = "ESD5451N_C5261080"; VariantName = "[No Variations]"
Add component (AddParameter): Name = "JLCPCB Part Class"; Value = "Extended Part"; VariantName = "[No Variations]"
Add component (AddParameter): Name = "Junction Capacitance"; Value = "15pF"; VariantName = "[No Variations]"
Add component (AddParameter): Name = "LCSC Part Name"; Value = "5V 15pF ??"; VariantName = "[No Variations]"
Add component (AddParameter): Name = "level of protection"; Value = "IEC 61000-4-2"; VariantName = "[No Variations]"
Add component (AddParameter): Name = "Manufacturer"; Value = "HXY MOSFET(?????)"; VariantName = "[No Variations]"
Add component (AddParameter): Name = "Manufacturer Part"; Value = "ESD5451N"; VariantName = "[No Variations]"
Add component (AddParameter): Name = "Number of Channels"; Value = "1.0"; VariantName = "[No Variations]"
Add component (AddParameter): Name = "Peak Pulse Current (Ipp)"; Value = "9A"; VariantName = "[No Variations]"
Add component (AddParameter): Name = "Polarity"; Value = "Bidirectional"; VariantName = "[No Variations]"
Add component (AddParameter): Name = "Reverse Leakage Current (Ir)"; Value = "500nA"; VariantName = "[No Variations]"
Add component (AddParameter): Name = "Reverse Stand-Off Voltage (Vrwm)"; Value = "5V"; VariantName = "[No Variations]"
Add component (AddParameter): Name = "Supplier"; Value = "LCSC"; VariantName = "[No Variations]"
Add component (AddParameter): Name = "Supplier Footprint"; Value = "DFN1006-2L"; VariantName = "[No Variations]"
Add component (AddParameter): Name = "Supplier Part"; Value = "C5261080"; VariantName = "[No Variations]"
Add component (AddParameter): Name = "Symbol"; Value = "ESD5451N_C5261080"; VariantName = "[No Variations]"
Add component (AddParameter): Name = "Type"; Value = "ESD"; VariantName = "[No Variations]"
Add component (AddParameter): Name = "Voltage - Breakdown"; Value = "8V"; VariantName = "[No Variations]"
Added Component: Designator=U11(DFN1006-2L-BI)
Add component (AddParameter): Name = "Add into BOM"; Value = "yes"; VariantName = "[No Variations]"
Add component (AddParameter): Name = "Clamping Voltage"; Value = "9.8V"; VariantName = "[No Variations]"
Add component (AddParameter): Name = "Convert to PCB"; Value = "yes"; VariantName = "[No Variations]"
Add component (AddParameter): Name = "Datasheet"; Value = "https://item.szlcsc.com/datasheet/ESD5451N/5983779.html"; VariantName = "[No Variations]"
Add component (AddParameter): Name = "Device"; Value = "ESD5451N_C5261080"; VariantName = "[No Variations]"
Add component (AddParameter): Name = "JLCPCB Part Class"; Value = "Extended Part"; VariantName = "[No Variations]"
Add component (AddParameter): Name = "Junction Capacitance"; Value = "15pF"; VariantName = "[No Variations]"
Add component (AddParameter): Name = "LCSC Part Name"; Value = "5V 15pF ??"; VariantName = "[No Variations]"
Add component (AddParameter): Name = "level of protection"; Value = "IEC 61000-4-2"; VariantName = "[No Variations]"
Add component (AddParameter): Name = "Manufacturer"; Value = "HXY MOSFET(?????)"; VariantName = "[No Variations]"
Add component (AddParameter): Name = "Manufacturer Part"; Value = "ESD5451N"; VariantName = "[No Variations]"
Add component (AddParameter): Name = "Number of Channels"; Value = "1.0"; VariantName = "[No Variations]"
Add component (AddParameter): Name = "Peak Pulse Current (Ipp)"; Value = "9A"; VariantName = "[No Variations]"
Add component (AddParameter): Name = "Polarity"; Value = "Bidirectional"; VariantName = "[No Variations]"
Add component (AddParameter): Name = "Reverse Leakage Current (Ir)"; Value = "500nA"; VariantName = "[No Variations]"
Add component (AddParameter): Name = "Reverse Stand-Off Voltage (Vrwm)"; Value = "5V"; VariantName = "[No Variations]"
Add component (AddParameter): Name = "Supplier"; Value = "LCSC"; VariantName = "[No Variations]"
Add component (AddParameter): Name = "Supplier Footprint"; Value = "DFN1006-2L"; VariantName = "[No Variations]"
Add component (AddParameter): Name = "Supplier Part"; Value = "C5261080"; VariantName = "[No Variations]"
Add component (AddParameter): Name = "Symbol"; Value = "ESD5451N_C5261080"; VariantName = "[No Variations]"
Add component (AddParameter): Name = "Type"; Value = "ESD"; VariantName = "[No Variations]"
Add component (AddParameter): Name = "Voltage - Breakdown"; Value = "8V"; VariantName = "[No Variations]"
Added Component: Designator=U12(DFN1006-2L-BI)
Add component (AddParameter): Name = "Add into BOM"; Value = "yes"; VariantName = "[No Variations]"
Add component (AddParameter): Name = "Clamping Voltage"; Value = "9.8V"; VariantName = "[No Variations]"
Add component (AddParameter): Name = "Convert to PCB"; Value = "yes"; VariantName = "[No Variations]"
Add component (AddParameter): Name = "Datasheet"; Value = "https://item.szlcsc.com/datasheet/ESD5451N/5983779.html"; VariantName = "[No Variations]"
Add component (AddParameter): Name = "Device"; Value = "ESD5451N_C5261080"; VariantName = "[No Variations]"
Add component (AddParameter): Name = "JLCPCB Part Class"; Value = "Extended Part"; VariantName = "[No Variations]"
Add component (AddParameter): Name = "Junction Capacitance"; Value = "15pF"; VariantName = "[No Variations]"
Add component (AddParameter): Name = "LCSC Part Name"; Value = "5V 15pF ??"; VariantName = "[No Variations]"
Add component (AddParameter): Name = "level of protection"; Value = "IEC 61000-4-2"; VariantName = "[No Variations]"
Add component (AddParameter): Name = "Manufacturer"; Value = "HXY MOSFET(?????)"; VariantName = "[No Variations]"
Add component (AddParameter): Name = "Manufacturer Part"; Value = "ESD5451N"; VariantName = "[No Variations]"
Add component (AddParameter): Name = "Number of Channels"; Value = "1.0"; VariantName = "[No Variations]"
Add component (AddParameter): Name = "Peak Pulse Current (Ipp)"; Value = "9A"; VariantName = "[No Variations]"
Add component (AddParameter): Name = "Polarity"; Value = "Bidirectional"; VariantName = "[No Variations]"
Add component (AddParameter): Name = "Reverse Leakage Current (Ir)"; Value = "500nA"; VariantName = "[No Variations]"
Add component (AddParameter): Name = "Reverse Stand-Off Voltage (Vrwm)"; Value = "5V"; VariantName = "[No Variations]"
Add component (AddParameter): Name = "Supplier"; Value = "LCSC"; VariantName = "[No Variations]"
Add component (AddParameter): Name = "Supplier Footprint"; Value = "DFN1006-2L"; VariantName = "[No Variations]"
Add component (AddParameter): Name = "Supplier Part"; Value = "C5261080"; VariantName = "[No Variations]"
Add component (AddParameter): Name = "Symbol"; Value = "ESD5451N_C5261080"; VariantName = "[No Variations]"
Add component (AddParameter): Name = "Type"; Value = "ESD"; VariantName = "[No Variations]"
Add component (AddParameter): Name = "Voltage - Breakdown"; Value = "8V"; VariantName = "[No Variations]"
Added Pin To Net: NetName=GND Pin=U5-2
Added Pin To Net: NetName=GND Pin=U6-2
Added Pin To Net: NetName=GND Pin=U7-2
Added Pin To Net: NetName=GND Pin=U8-10
Added Pin To Net: NetName=GND Pin=U8-11
Added Pin To Net: NetName=GND Pin=U8-12
Added Pin To Net: NetName=GND Pin=U8-13
Added Pin To Net: NetName=GND Pin=U9-1
Added Pin To Net: NetName=GND Pin=U10-1
Added Pin To Net: NetName=GND Pin=U11-1
Added Pin To Net: NetName=GND Pin=U12-1
Added Net: Name=GND
Added Pin To Net: NetName=NetR3_2 Pin=R3-2
Added Pin To Net: NetName=NetR3_2 Pin=U7-1
Added Pin To Net: NetName=NetR3_2 Pin=U8-7
Added Net: Name=NetR3_2
Added Pin To Net: NetName=NetR4_2 Pin=R4-2
Added Pin To Net: NetName=NetR4_2 Pin=U6-1
Added Pin To Net: NetName=NetR4_2 Pin=U8-8
Added Net: Name=NetR4_2
Added Pin To Net: NetName=NetR5_2 Pin=R5-2
Added Pin To Net: NetName=NetR5_2 Pin=U5-1
Added Pin To Net: NetName=NetR5_2 Pin=U8-1
Added Net: Name=NetR5_2
Added Pin To Net: NetName=NetR6_2 Pin=R6-2
Added Pin To Net: NetName=NetR6_2 Pin=U8-2
Added Pin To Net: NetName=NetR6_2 Pin=U11-2
Added Net: Name=NetR6_2
Added Pin To Net: NetName=NetR7_2 Pin=R7-2
Added Pin To Net: NetName=NetR7_2 Pin=U8-3
Added Pin To Net: NetName=NetR7_2 Pin=U10-2
Added Net: Name=NetR7_2
Added Pin To Net: NetName=NetR8_2 Pin=R8-2
Added Pin To Net: NetName=NetR8_2 Pin=U8-9
Added Pin To Net: NetName=NetR8_2 Pin=U12-2
Added Net: Name=NetR8_2
Added Pin To Net: NetName=NetR9_1 Pin=R9-1
Added Pin To Net: NetName=NetR9_1 Pin=U4-G38
Added Net: Name=NetR9_1
Added Pin To Net: NetName=SDMMC0_CLK Pin=R9-2
Added Pin To Net: NetName=SDMMC0_CLK Pin=U8-5
Added Pin To Net: NetName=SDMMC0_CLK Pin=U9-2
Added Net: Name=SDMMC0_CLK
Added Pin To Net: NetName=SDMMC0_CMD Pin=R7-1
Added Pin To Net: NetName=SDMMC0_CMD Pin=U4-1E19
Added Net: Name=SDMMC0_CMD
Added Pin To Net: NetName=SDMMC0_D0 Pin=R3-1
Added Pin To Net: NetName=SDMMC0_D0 Pin=U4-1E20
Added Net: Name=SDMMC0_D0
Added Pin To Net: NetName=SDMMC0_D1 Pin=R4-1
Added Pin To Net: NetName=SDMMC0_D1 Pin=U4-1F19
Added Net: Name=SDMMC0_D1
Added Pin To Net: NetName=SDMMC0_D2 Pin=R5-1
Added Pin To Net: NetName=SDMMC0_D2 Pin=U4-1D20
Added Net: Name=SDMMC0_D2
Added Pin To Net: NetName=SDMMC0_D3 Pin=R6-1
Added Pin To Net: NetName=SDMMC0_D3 Pin=U4-1F18
Added Net: Name=SDMMC0_D3
Added Pin To Net: NetName=SDMMC0_DET_L Pin=R8-1
Added Net: Name=SDMMC0_DET_L
Added Member To Class: ClassName=9 Member=Component R3 22O
Added Member To Class: ClassName=9 Member=Component R4 22O
Added Member To Class: ClassName=9 Member=Component R5 22O
Added Member To Class: ClassName=9 Member=Component R6 22O
Added Member To Class: ClassName=9 Member=Component R7 22O
Added Member To Class: ClassName=9 Member=Component R8 22O
Added Member To Class: ClassName=2 Member=Component R9 22O
Added Member To Class: ClassName=9 Member=Component U5 ESD5451N
Added Member To Class: ClassName=9 Member=Component U6 ESD5451N
Added Member To Class: ClassName=9 Member=Component U7 ESD5451N
Added Member To Class: ClassName=9 Member=Component U8 TF-01A_C91145
Added Member To Class: ClassName=9 Member=Component U9 ESD5451N
Added Member To Class: ClassName=9 Member=Component U10 ESD5451N
Added Member To Class: ClassName=9 Member=Component U11 ESD5451N
Added Member To Class: ClassName=9 Member=Component U12 ESD5451N
Added Rule: Name=Schematic Supply Nets
