Added Component: Designator=C?(C0603)
Added Component: Designator=C?(C0402)
Added Component: Designator=C?(C0402)
Added Component: Designator=C?(C0402)
Added Component: Designator=C?(C0603)
Added Component: Designator=C?(C0603)
Added Component: Designator=C?(C0603)
Added Component: Designator=C?(C0603)
Added Component: Designator=C?(C0402)
Added Component: Designator=C?(C0603)
Added Component: Designator=C?(C0402)
Added Component: Designator=C?(C0603)
Added Component: Designator=C?(C0402)
Added Component: Designator=C?(C0402)
Added Component: Designator=C?(C0402)
Added Component: Designator=C?(C0402)
Added Component: Designator=C?(C0603)
Added Component: Designator=C?(C0603)
Added Component: Designator=C?(C0603)
Added Component: Designator=C?(C0402)
Added Component: Designator=C?(C0402)
Added Component: Designator=C?(C0603)
Added Component: Designator=C?(C0603)
Added Component: Designator=U?(BGA-565_L15.5-W14.4-P0.40_RK3566_1)
Add component (AddParameter): Name = "Symbol"; Value = "RK3566"; VariantName = "[No Variations]"
Added Component: Designator=U?(BGA-565_L15.5-W14.4-P0.40_RK3566_1)
Add component (AddParameter): Name = "Symbol"; Value = "RK3566"; VariantName = "[No Variations]"
Added Pin To Net: NetName=GND Pin=C20-1
Added Pin To Net: NetName=GND Pin=C20-2
Added Pin To Net: NetName=GND Pin=C23-1
Added Pin To Net: NetName=GND Pin=C24-1
Added Pin To Net: NetName=GND Pin=C25-2
Added Pin To Net: NetName=GND Pin=C26-2
Added Pin To Net: NetName=GND Pin=C28-1
Added Pin To Net: NetName=GND Pin=C28-2
Added Pin To Net: NetName=GND Pin=C?-1
Added Pin To Net: NetName=GND Pin=C?-1
Added Pin To Net: NetName=GND Pin=C?-1
Added Pin To Net: NetName=GND Pin=C?-1
Added Pin To Net: NetName=GND Pin=C?-1
Added Pin To Net: NetName=GND Pin=C?-1
Added Pin To Net: NetName=GND Pin=C?-1
Added Pin To Net: NetName=GND Pin=C?-1
Added Pin To Net: NetName=GND Pin=C?-1
Added Pin To Net: NetName=GND Pin=C?-1
Added Pin To Net: NetName=GND Pin=C?-1
Added Pin To Net: NetName=GND Pin=C?-1
Added Pin To Net: NetName=GND Pin=C?-1
Added Pin To Net: NetName=GND Pin=C?-1
Added Pin To Net: NetName=GND Pin=C?-1
Added Pin To Net: NetName=GND Pin=C?-1
Added Pin To Net: NetName=GND Pin=C?-1
Added Pin To Net: NetName=GND Pin=C?-1
Added Pin To Net: NetName=GND Pin=C?-1
Added Pin To Net: NetName=GND Pin=C?-1
Added Pin To Net: NetName=GND Pin=C?-1
Added Pin To Net: NetName=GND Pin=C?-1
Added Pin To Net: NetName=GND Pin=C?-1
Added Pin To Net: NetName=GND Pin=C?-2
Added Pin To Net: NetName=GND Pin=C?-2
Added Pin To Net: NetName=GND Pin=C?-2
Added Pin To Net: NetName=GND Pin=C?-2
Added Pin To Net: NetName=GND Pin=C?-2
Added Pin To Net: NetName=GND Pin=C?-2
Added Pin To Net: NetName=GND Pin=C?-2
Added Pin To Net: NetName=GND Pin=C?-2
Added Pin To Net: NetName=GND Pin=C?-2
Added Pin To Net: NetName=VDD_CPU Pin=C?-2
Added Pin To Net: NetName=VDD_CPU Pin=C?-2
Added Pin To Net: NetName=VDD_CPU Pin=C?-2
Added Pin To Net: NetName=VDD_CPU Pin=C?-2
Added Pin To Net: NetName=VDD_CPU Pin=C?-2
Added Pin To Net: NetName=VDD_CPU Pin=C?-2
Added Pin To Net: NetName=VDD_CPU Pin=C?-2
Added Pin To Net: NetName=VDD_LOGIC Pin=C?-2
Added Pin To Net: NetName=VDD_LOGIC Pin=C?-2
Added Pin To Net: NetName=VDD_LOGIC Pin=C?-2
Added Pin To Net: NetName=VDD_LOGIC Pin=C?-2
Added Pin To Net: NetName=VDD_LOGIC Pin=C?-2
Added Pin To Net: NetName=VDD_LOGIC Pin=C?-2
Added Pin To Net: NetName=VDD_LOGIC Pin=C?-2
Added Pin To Net: NetName=GND Pin=L2-2
Added Pin To Net: NetName=GND Pin=L3-1
Added Pin To Net: NetName=GND Pin=R44-1
Added Pin To Net: NetName=GND Pin=R44-2
Added Pin To Net: NetName=GND Pin=R45-1
Added Pin To Net: NetName=GND Pin=R45-2
Added Pin To Net: NetName=GND Pin=U4-8
Added Pin To Net: NetName=GND Pin=U4-64
Added Pin To Net: NetName=GND Pin=U?-1B10
Added Pin To Net: NetName=GND Pin=U?-1B11
Added Pin To Net: NetName=GND Pin=U?-1B15
Added Pin To Net: NetName=GND Pin=U?-1B19
Added Pin To Net: NetName=GND Pin=U?-1C4
Added Pin To Net: NetName=GND Pin=U?-1C5
Added Pin To Net: NetName=GND Pin=U?-1C6
Added Pin To Net: NetName=GND Pin=U?-1C8
Added Pin To Net: NetName=GND Pin=U?-1C9
Added Pin To Net: NetName=VDD_CPU Pin=U?-1C12
Added Pin To Net: NetName=GND Pin=U?-1C14
Added Pin To Net: NetName=GND Pin=U?-1C16
Added Pin To Net: NetName=GND Pin=U?-1C18
Added Pin To Net: NetName=GND Pin=U?-1D1
Added Pin To Net: NetName=GND Pin=U?-1D3
Added Pin To Net: NetName=GND Pin=U?-1D10
Added Pin To Net: NetName=VDD_CPU Pin=U?-1D11
Added Pin To Net: NetName=VDD_CPU Pin=U?-1D12
Added Pin To Net: NetName=GND Pin=U?-1D14
Added Pin To Net: NetName=GND Pin=U?-1E3
Added Pin To Net: NetName=GND Pin=U?-1E8
Added Pin To Net: NetName=GND Pin=U?-1E10
Added Pin To Net: NetName=VDD_CPU Pin=U?-1E11
Added Pin To Net: NetName=VDD_CPU Pin=U?-1E12
Added Pin To Net: NetName=VDD_CPU Pin=U?-1E13
Added Pin To Net: NetName=GND Pin=U?-1E14
Added Pin To Net: NetName=GND Pin=U?-1E15
Added Pin To Net: NetName=GND Pin=U?-1E17
Added Pin To Net: NetName=GND Pin=U?-1F6
Added Pin To Net: NetName=GND Pin=U?-1F7
Added Pin To Net: NetName=GND Pin=U?-1F8
Added Pin To Net: NetName=GND Pin=U?-1F9
Added Pin To Net: NetName=GND Pin=U?-1F10
Added Pin To Net: NetName=VDD_CPU Pin=U?-1F11
Added Pin To Net: NetName=VDD_CPU Pin=U?-1F12
Added Pin To Net: NetName=VDD_CPU Pin=U?-1F13
Added Pin To Net: NetName=VDD_CPU Pin=U?-1F14
Added Pin To Net: NetName=GND Pin=U?-1F15
Added Pin To Net: NetName=GND Pin=U?-1F16
Added Pin To Net: NetName=GND Pin=U?-1F20
Added Pin To Net: NetName=GND Pin=U?-1G3
Added Pin To Net: NetName=GND Pin=U?-1G6
Added Pin To Net: NetName=GND Pin=U?-1G7
Added Pin To Net: NetName=GND Pin=U?-1G8
Added Pin To Net: NetName=GND Pin=U?-1G9
Added Pin To Net: NetName=GND Pin=U?-1G10
Added Pin To Net: NetName=GND Pin=U?-1G11
Added Pin To Net: NetName=GND Pin=U?-1G12
Added Pin To Net: NetName=VDD_CPU Pin=U?-1G13
Added Pin To Net: NetName=GND Pin=U?-1G14
Added Pin To Net: NetName=GND Pin=U?-1G15
Added Pin To Net: NetName=GND Pin=U?-1G16
Added Pin To Net: NetName=GND Pin=U?-1G18
Added Pin To Net: NetName=GND Pin=U?-1G19
Added Pin To Net: NetName=GND Pin=U?-1G20
Added Pin To Net: NetName=GND Pin=U?-1H1
Added Pin To Net: NetName=GND Pin=U?-1H2
Added Pin To Net: NetName=GND Pin=U?-1H6
Added Pin To Net: NetName=VDD_LOGIC Pin=U?-1H7
Added Pin To Net: NetName=VDD_LOGIC Pin=U?-1H8
Added Pin To Net: NetName=VDD_LOGIC Pin=U?-1H9
Added Pin To Net: NetName=VDD_LOGIC Pin=U?-1H10
Added Pin To Net: NetName=GND Pin=U?-1H11
Added Pin To Net: NetName=GND Pin=U?-1H12
Added Pin To Net: NetName=GND Pin=U?-1H13
Added Pin To Net: NetName=GND Pin=U?-1H14
Added Pin To Net: NetName=GND Pin=U?-1H15
Added Pin To Net: NetName=GND Pin=U?-1J1
Added Pin To Net: NetName=GND Pin=U?-1J6
Added Pin To Net: NetName=VDD_LOGIC Pin=U?-1J7
Added Pin To Net: NetName=GND Pin=U?-1J8
Added Pin To Net: NetName=GND Pin=U?-1J9
Added Pin To Net: NetName=VDD_LOGIC Pin=U?-1J10
Added Pin To Net: NetName=GND Pin=U?-1J11
Added Pin To Net: NetName=GND Pin=U?-1J12
Added Pin To Net: NetName=GND Pin=U?-1J13
Added Pin To Net: NetName=GND Pin=U?-1J14
Added Pin To Net: NetName=GND Pin=U?-1J15
Added Pin To Net: NetName=GND Pin=U?-1J16
Added Pin To Net: NetName=GND Pin=U?-1J18
Added Pin To Net: NetName=GND Pin=U?-1K2
Added Pin To Net: NetName=GND Pin=U?-1K3
Added Pin To Net: NetName=GND Pin=U?-1K4
Added Pin To Net: NetName=GND Pin=U?-1K5
Added Pin To Net: NetName=GND Pin=U?-1K6
Added Pin To Net: NetName=VDD_LOGIC Pin=U?-1K7
Added Pin To Net: NetName=GND Pin=U?-1K8
Added Pin To Net: NetName=GND Pin=U?-1K9
Added Pin To Net: NetName=VDD_LOGIC Pin=U?-1K10
Added Pin To Net: NetName=GND Pin=U?-1K11
Added Pin To Net: NetName=GND Pin=U?-1K12
Added Pin To Net: NetName=GND Pin=U?-1K13
Added Pin To Net: NetName=GND Pin=U?-1K14
Added Pin To Net: NetName=GND Pin=U?-1K15
Added Pin To Net: NetName=GND Pin=U?-1K18
Added Pin To Net: NetName=GND Pin=U?-1L3
Added Pin To Net: NetName=GND Pin=U?-1L6
Added Pin To Net: NetName=VDD_LOGIC Pin=U?-1L7
Added Pin To Net: NetName=GND Pin=U?-1L8
Added Pin To Net: NetName=GND Pin=U?-1L9
Added Pin To Net: NetName=GND Pin=U?-1L10
Added Pin To Net: NetName=GND Pin=U?-1L11
Added Pin To Net: NetName=GND Pin=U?-1L12
Added Pin To Net: NetName=GND Pin=U?-1L13
Added Pin To Net: NetName=GND Pin=U?-1L14
Added Pin To Net: NetName=GND Pin=U?-1L15
Added Pin To Net: NetName=GND Pin=U?-1L19
Added Pin To Net: NetName=GND Pin=U?-1M3
Added Pin To Net: NetName=GND Pin=U?-1M4
Added Pin To Net: NetName=GND Pin=U?-1M5
Added Pin To Net: NetName=GND Pin=U?-1M6
Added Pin To Net: NetName=GND Pin=U?-1M7
Added Pin To Net: NetName=GND Pin=U?-1M8
Added Pin To Net: NetName=GND Pin=U?-1M9
Added Pin To Net: NetName=GND Pin=U?-1M10
Added Pin To Net: NetName=GND Pin=U?-1M11
Added Pin To Net: NetName=GND Pin=U?-1M12
Added Pin To Net: NetName=GND Pin=U?-1M13
Added Pin To Net: NetName=GND Pin=U?-1M14
Added Pin To Net: NetName=GND Pin=U?-1M15
Added Pin To Net: NetName=GND Pin=U?-1M16
Added Pin To Net: NetName=GND Pin=U?-1M17
Added Pin To Net: NetName=GND Pin=U?-1M20
Added Pin To Net: NetName=GND Pin=U?-1N3
Added Pin To Net: NetName=GND Pin=U?-1N4
Added Pin To Net: NetName=GND Pin=U?-1N7
Added Pin To Net: NetName=GND Pin=U?-1N11
Added Pin To Net: NetName=GND Pin=U?-1N12
Added Pin To Net: NetName=GND Pin=U?-1P1
Added Pin To Net: NetName=GND Pin=U?-1P5
Added Pin To Net: NetName=GND Pin=U?-1P6
Added Pin To Net: NetName=GND Pin=U?-1P7
Added Pin To Net: NetName=GND Pin=U?-1P8
Added Pin To Net: NetName=GND Pin=U?-1P10
Added Pin To Net: NetName=GND Pin=U?-1P14
Added Pin To Net: NetName=GND Pin=U?-1P15
Added Pin To Net: NetName=GND Pin=U?-1R3
Added Pin To Net: NetName=GND Pin=U?-1R4
Added Pin To Net: NetName=GND Pin=U?-1R5
Added Pin To Net: NetName=GND Pin=U?-1R6
Added Pin To Net: NetName=GND Pin=U?-1R7
Added Pin To Net: NetName=GND Pin=U?-1R8
Added Pin To Net: NetName=GND Pin=U?-1R9
Added Pin To Net: NetName=GND Pin=U?-1R11
Added Pin To Net: NetName=GND Pin=U?-1R12
Added Pin To Net: NetName=GND Pin=U?-1R13
Added Pin To Net: NetName=GND Pin=U?-1R14
Added Pin To Net: NetName=GND Pin=U?-1R15
Added Pin To Net: NetName=GND Pin=U?-1T3
Added Pin To Net: NetName=GND Pin=U?-1T5
Added Pin To Net: NetName=GND Pin=U?-1T7
Added Pin To Net: NetName=GND Pin=U?-1T8
Added Pin To Net: NetName=GND Pin=U?-1T9
Added Pin To Net: NetName=GND Pin=U?-1T10
Added Pin To Net: NetName=GND Pin=U?-1T11
Added Pin To Net: NetName=GND Pin=U?-1T12
Added Pin To Net: NetName=GND Pin=U?-1T13
Added Pin To Net: NetName=GND Pin=U?-1T14
Added Pin To Net: NetName=GND Pin=U?-1T15
Added Pin To Net: NetName=GND Pin=U?-1T16
Added Pin To Net: NetName=GND Pin=U?-1T17
Added Pin To Net: NetName=GND Pin=U?-1U2
Added Pin To Net: NetName=GND Pin=U?-1U12
Added Pin To Net: NetName=GND Pin=U?-1U13
Added Pin To Net: NetName=GND Pin=U?-1U15
Added Pin To Net: NetName=GND Pin=U?-1U17
Added Pin To Net: NetName=GND Pin=U?-1V1
Added Pin To Net: NetName=GND Pin=U?-1V4
Added Pin To Net: NetName=GND Pin=U?-1V7
Added Pin To Net: NetName=GND Pin=U?-1V12
Added Pin To Net: NetName=GND Pin=U?-1V13
Added Pin To Net: NetName=GND Pin=U?-1V18
Added Pin To Net: NetName=GND Pin=U?-A1
Added Pin To Net: NetName=GND Pin=U?-A2
Added Pin To Net: NetName=GND Pin=U?-A38
Added Pin To Net: NetName=GND Pin=U?-AA2
Added Pin To Net: NetName=GND Pin=U?-AC37
Added Pin To Net: NetName=GND Pin=U?-AD2
Added Pin To Net: NetName=GND Pin=U?-AE37
Added Pin To Net: NetName=GND Pin=U?-AH37
Added Pin To Net: NetName=GND Pin=U?-AL37
Added Pin To Net: NetName=GND Pin=U?-AP2
Added Pin To Net: NetName=GND Pin=U?-AP8
Added Pin To Net: NetName=GND Pin=U?-AP13
Added Pin To Net: NetName=GND Pin=U?-AP16
Added Pin To Net: NetName=GND Pin=U?-AP19
Added Pin To Net: NetName=GND Pin=U?-AP22
Added Pin To Net: NetName=GND Pin=U?-AP25
Added Pin To Net: NetName=GND Pin=U?-AP28
Added Pin To Net: NetName=GND Pin=U?-AP31
Added Pin To Net: NetName=GND Pin=U?-AP34
Added Pin To Net: NetName=GND Pin=U?-AP37
Added Pin To Net: NetName=GND Pin=U?-AR1
Added Pin To Net: NetName=GND Pin=U?-AR38
Added Pin To Net: NetName=GND Pin=U?-B1
Added Pin To Net: NetName=GND Pin=U?-B2
Added Pin To Net: NetName=GND Pin=U?-B6
Added Pin To Net: NetName=GND Pin=U?-B11
Added Pin To Net: NetName=GND Pin=U?-B14
Added Pin To Net: NetName=GND Pin=U?-B18
Added Pin To Net: NetName=GND Pin=U?-B21
Added Pin To Net: NetName=GND Pin=U?-B28
Added Pin To Net: NetName=GND Pin=U?-B31
Added Pin To Net: NetName=GND Pin=U?-D2
Added Pin To Net: NetName=GND Pin=U?-E37
Added Pin To Net: NetName=GND Pin=U?-H37
Added Pin To Net: NetName=GND Pin=U?-J2
Added Pin To Net: NetName=GND Pin=U?-L2
Added Pin To Net: NetName=GND Pin=U?-L37
Added Pin To Net: NetName=GND Pin=U?-P37
Added Pin To Net: NetName=GND Pin=U?-U2
Added Pin To Net: NetName=GND Pin=U?-U37
Added Pin To Net: NetName=GND Pin=U?-W2
Added Pin To Net: NetName=GND Pin=U?-Y37
Change Net Name : Old Net Name=GND New Net Name=VDD_GPU
Add Net: Net with name "VCC3V3_PMU" already exists
Add Net: Net with name "VCC5V0_SYS" already exists
Added Class: Name=RK_POWER
