Removed Pin From Net: NetName=EMMC_DATA_STROBE/FLASH_CLE Pin=U4-1A16
Removed Pin From Net: NetName=EMMC_RSTN Pin=U4-1B16
Removed Pin From Net: NetName=SDMMC0_D2 Pin=U4-1D20
Removed Pin From Net: NetName=SDMMC0_CMD Pin=U4-1E19
Removed Pin From Net: NetName=SDMMC0_D0 Pin=U4-1E20
Removed Pin From Net: NetName=SDMMC0_D3 Pin=U4-1F18
Removed Pin From Net: NetName=SDMMC0_D1 Pin=U4-1F19
Removed Pin From Net: NetName=EMMC_CMD Pin=U4-A27
Removed Pin From Net: NetName=NetR2_2 Pin=U4-A29
Removed Pin From Net: NetName=EMMC_D5/FLASH_D5 Pin=U4-A30
Removed Pin From Net: NetName=EMMC_D0/FLASH_D0 Pin=U4-A32
Removed Pin From Net: NetName=EMMC_D7/FLASH_D7 Pin=U4-A33
Removed Pin From Net: NetName=EMMC_D1/FLASH_D1 Pin=U4-B27
Removed Pin From Net: NetName=EMMC_D3/FLASH_D3 Pin=U4-B29
Removed Pin From Net: NetName=EMMC_D6/FLASH_D6 Pin=U4-B30
Removed Pin From Net: NetName=EMMC_D2/FLASH_D2 Pin=U4-B32
Removed Pin From Net: NetName=EMMC_D4/FLASH_D4 Pin=U4-B33
Removed Pin From Net: NetName=NetR9_1 Pin=U4-G38
Removed Pin From Net: NetName=SDMMC1_D3 Pin=U14-1A20
Removed Pin From Net: NetName=I2S2_SDO_M0 Pin=U14-1B20
Removed Pin From Net: NetName=SDMMC1_D0 Pin=U14-1C19
Removed Pin From Net: NetName=UART1_RX_M0 Pin=U14-1C20
Removed Pin From Net: NetName=SDMMC1_D2 Pin=U14-1D18
Removed Pin From Net: NetName=I2S2_LRCK_TX_M0 Pin=U14-1D19
Removed Pin From Net: NetName=SDMMC1_D1 Pin=U14-1E18
Removed Pin From Net: NetName=WIFI_REG_ON_H Pin=U14-A35
Removed Pin From Net: NetName=BT_WAKE_HOST_H Pin=U14-A37
Removed Pin From Net: NetName=WIFI_WAKE_HOST_H Pin=U14-B34
Removed Pin From Net: NetName=SDMMC1_CMD Pin=U14-B35
Removed Pin From Net: NetName=HOST_WAKE_BT_H Pin=U14-B36
Removed Pin From Net: NetName=NetR10_1 Pin=U14-B37
Removed Pin From Net: NetName=I2S2_SCLK_TX_M0 Pin=U14-C37
Removed Pin From Net: NetName=I2S2_SDI_M0 Pin=U14-D37
Removed Pin From Net: NetName=BT_REG_ON_H Pin=U14-D38
Removed Pin From Net: NetName=UART1_RTSN_M0 Pin=U14-F37
Removed Pin From Net: NetName=UART1_TX_M0 Pin=U14-F38
Removed Pin From Net: NetName=UART1_CTSN_M0 Pin=U14-G37
Removed Pin From Net: NetName=GND Pin=U15-1P11
Removed Pin From Net: NetName=GND Pin=U15-1P12
Removed Pin From Net: NetName=MIPI_DSI_CLKN Pin=U15-1U11
Removed Pin From Net: NetName=NetR27_2 Pin=U15-1U16
Removed Pin From Net: NetName=HDMITX_CEC_M0 Pin=U15-1V5
Removed Pin From Net: NetName=MIPI_DSI_CLKP Pin=U15-1V11
Removed Pin From Net: NetName=HDMI_TX_HPDIN Pin=U15-1V17
Removed Pin From Net: NetName=HDMITX_SDA Pin=U15-AP11
Removed Pin From Net: NetName=MIPI_DSI_3N Pin=U15-AP20
Removed Pin From Net: NetName=MIPI_DSI_2P Pin=U15-AP21
Removed Pin From Net: NetName=MIPI_DSI_1N Pin=U15-AP23
Removed Pin From Net: NetName=MIPI_DSI_0P Pin=U15-AP24
Removed Pin From Net: NetName=NetR26_2 Pin=U15-AP32
Removed Pin From Net: NetName=NetR23_2 Pin=U15-AP33
Removed Pin From Net: NetName=NetR22_2 Pin=U15-AP35
Removed Pin From Net: NetName=NetR19_2 Pin=U15-AP36
Removed Pin From Net: NetName=HDMITX_SCL Pin=U15-AR12
Removed Pin From Net: NetName=MIPI_DSI_3P Pin=U15-AR20
Removed Pin From Net: NetName=MIPI_DSI_2N Pin=U15-AR21
Removed Pin From Net: NetName=MIPI_DSI_1P Pin=U15-AR23
Removed Pin From Net: NetName=MIPI_DSI_0N Pin=U15-AR24
Removed Pin From Net: NetName=NetR25_2 Pin=U15-AR32
Removed Pin From Net: NetName=NetR24_2 Pin=U15-AR33
Removed Pin From Net: NetName=NetR21_2 Pin=U15-AR35
Removed Pin From Net: NetName=NetR20_2 Pin=U15-AR36
Removed Pin From Net: NetName=NetR35_2 Pin=U22-1M18
Removed Pin From Net: NetName=NetC8_2 Pin=U22-AD37
Removed Pin From Net: NetName=NetR33_2 Pin=U22-AD38
Removed Pin From Net: NetName=SDMMC0_DET_L Pin=U22-AF37
Removed Pin From Net: NetName=I2C1_SCL_TP Pin=U22-AK37
Removed Pin From Net: NetName=I2C1_SDA_TP Pin=U22-AM38
Removed Pin From Net: NetName=PWM5_LCD_BL Pin=U22-AN37
Removed Pin From Net: NetName=TP_INT_A Pin=U23-A22
Removed Pin From Net: NetName=MIPI_DSI_RESET Pin=U23-AP4
Removed Pin From Net: NetName=TP_RST Pin=U23-B22
Removed Member From Class: ClassName=RK_FLASH_SD Member=U4
Removed Member From Class: ClassName=RK_SARADC_GPIO Member=U14
Removed Member From Class: ClassName=RK_SARADC_GPIO Member=U15
Removed Member From Class: ClassName=RK_OSC_PLL_PMUO1_2 Member=U22
Removed Member From Class: ClassName=RK_VO_Interface Member=U23
Added Component: Designator=U1(BGA-565_L15.5-W14.4-P0.40_RK3566_1)
Add component (AddParameter): Name = "Symbol"; Value = "RK3566"; VariantName = "[No Variations]"
Added Component: Designator=U1(BGA-565_L15.5-W14.4-P0.40_RK3566_1)
Add component (AddParameter): Name = "Symbol"; Value = "RK3566"; VariantName = "[No Variations]"
Added Pin To Net: NetName=EMMC_DATA_STROBE/FLASH_CLE Pin=U1-1A16
Added Pin To Net: NetName=SDMMC1_D3 Pin=U1-1A20
Added Pin To Net: NetName=EMMC_RSTN Pin=U1-1B16
Added Pin To Net: NetName=I2S2_SDO_M0 Pin=U1-1B20
Added Pin To Net: NetName=SDMMC1_D0 Pin=U1-1C19
Added Pin To Net: NetName=UART1_RX_M0 Pin=U1-1C20
Added Pin To Net: NetName=SDMMC1_D2 Pin=U1-1D18
Added Pin To Net: NetName=I2S2_LRCK_TX_M0 Pin=U1-1D19
Added Pin To Net: NetName=SDMMC0_D2 Pin=U1-1D20
Added Pin To Net: NetName=SDMMC1_D1 Pin=U1-1E18
Added Pin To Net: NetName=SDMMC0_CMD Pin=U1-1E19
Added Pin To Net: NetName=SDMMC0_D0 Pin=U1-1E20
Added Pin To Net: NetName=SDMMC0_D3 Pin=U1-1F18
Added Pin To Net: NetName=SDMMC0_D1 Pin=U1-1F19
Added Pin To Net: NetName=NetR35_2 Pin=U1-1M18
Added Pin To Net: NetName=GND Pin=U1-1P11
Added Pin To Net: NetName=GND Pin=U1-1P12
Added Pin To Net: NetName=MIPI_DSI_CLKN Pin=U1-1U11
Added Pin To Net: NetName=NetR27_2 Pin=U1-1U16
Added Pin To Net: NetName=HDMITX_CEC_M0 Pin=U1-1V5
Added Pin To Net: NetName=MIPI_DSI_CLKP Pin=U1-1V11
Added Pin To Net: NetName=HDMI_TX_HPDIN Pin=U1-1V17
Added Pin To Net: NetName=TP_INT_A Pin=U1-A22
Added Pin To Net: NetName=EMMC_CMD Pin=U1-A27
Added Pin To Net: NetName=NetR2_2 Pin=U1-A29
Added Pin To Net: NetName=EMMC_D5/FLASH_D5 Pin=U1-A30
Added Pin To Net: NetName=EMMC_D0/FLASH_D0 Pin=U1-A32
Added Pin To Net: NetName=EMMC_D7/FLASH_D7 Pin=U1-A33
Added Pin To Net: NetName=WIFI_REG_ON_H Pin=U1-A35
Added Pin To Net: NetName=BT_WAKE_HOST_H Pin=U1-A37
Added Pin To Net: NetName=NetC8_2 Pin=U1-AD37
Added Pin To Net: NetName=NetR33_2 Pin=U1-AD38
Added Pin To Net: NetName=SDMMC0_DET_L Pin=U1-AF37
Added Pin To Net: NetName=I2C1_SCL_TP Pin=U1-AK37
Added Pin To Net: NetName=I2C1_SDA_TP Pin=U1-AM38
Added Pin To Net: NetName=PWM5_LCD_BL Pin=U1-AN37
Added Pin To Net: NetName=MIPI_DSI_RESET Pin=U1-AP4
Added Pin To Net: NetName=HDMITX_SDA Pin=U1-AP11
Added Pin To Net: NetName=MIPI_DSI_3N Pin=U1-AP20
Added Pin To Net: NetName=MIPI_DSI_2P Pin=U1-AP21
Added Pin To Net: NetName=MIPI_DSI_1N Pin=U1-AP23
Added Pin To Net: NetName=MIPI_DSI_0P Pin=U1-AP24
Added Pin To Net: NetName=NetR26_2 Pin=U1-AP32
Added Pin To Net: NetName=NetR23_2 Pin=U1-AP33
Added Pin To Net: NetName=NetR22_2 Pin=U1-AP35
Added Pin To Net: NetName=NetR19_2 Pin=U1-AP36
Added Pin To Net: NetName=HDMITX_SCL Pin=U1-AR12
Added Pin To Net: NetName=MIPI_DSI_3P Pin=U1-AR20
Added Pin To Net: NetName=MIPI_DSI_2N Pin=U1-AR21
Added Pin To Net: NetName=MIPI_DSI_1P Pin=U1-AR23
Added Pin To Net: NetName=MIPI_DSI_0N Pin=U1-AR24
Added Pin To Net: NetName=NetR25_2 Pin=U1-AR32
Added Pin To Net: NetName=NetR24_2 Pin=U1-AR33
Added Pin To Net: NetName=NetR21_2 Pin=U1-AR35
Added Pin To Net: NetName=NetR20_2 Pin=U1-AR36
Added Pin To Net: NetName=TP_RST Pin=U1-B22
Added Pin To Net: NetName=EMMC_D1/FLASH_D1 Pin=U1-B27
Added Pin To Net: NetName=EMMC_D3/FLASH_D3 Pin=U1-B29
Added Pin To Net: NetName=EMMC_D6/FLASH_D6 Pin=U1-B30
Added Pin To Net: NetName=EMMC_D2/FLASH_D2 Pin=U1-B32
Added Pin To Net: NetName=EMMC_D4/FLASH_D4 Pin=U1-B33
Added Pin To Net: NetName=WIFI_WAKE_HOST_H Pin=U1-B34
Added Pin To Net: NetName=SDMMC1_CMD Pin=U1-B35
Added Pin To Net: NetName=HOST_WAKE_BT_H Pin=U1-B36
Added Pin To Net: NetName=NetR10_1 Pin=U1-B37
Added Pin To Net: NetName=I2S2_SCLK_TX_M0 Pin=U1-C37
Added Pin To Net: NetName=I2S2_SDI_M0 Pin=U1-D37
Added Pin To Net: NetName=BT_REG_ON_H Pin=U1-D38
Added Pin To Net: NetName=UART1_RTSN_M0 Pin=U1-F37
Added Pin To Net: NetName=UART1_TX_M0 Pin=U1-F38
Added Pin To Net: NetName=UART1_CTSN_M0 Pin=U1-G37
Added Pin To Net: NetName=NetR9_1 Pin=U1-G38
Added Member To Class: ClassName=RK_SARADC_GPIO Member=Component U1 RK3566
Added Member To Class: ClassName=RK_VO_Interface Member=Component U1 RK3566
