Removed Pin From Net: NetName=LPDDR4_A5_A Pin=U1-1A1
Removed Pin From Net: NetName=LPDDR4_CKE1_B Pin=U1-1A2
Removed Pin From Net: NetName=LPDDR4_CKE0_B Pin=U1-1A3
Removed Pin From Net: NetName=LPDDR4_CS1n_B Pin=U1-1A5
Removed Pin From Net: NetName=LPDDR4_A4_B Pin=U1-1A6
Removed Pin From Net: NetName=LPDDR4_DQ3_B Pin=U1-1A7
Removed Pin From Net: NetName=LPDDR4_DQ2_B Pin=U1-1A8
Removed Pin From Net: NetName=LPDDR4_DQ7_B Pin=U1-1A9
Removed Pin From Net: NetName=LPDDR4_DQ5_B Pin=U1-1A10
Removed Pin From Net: NetName=LPDDR4_DM1_B Pin=U1-1A11
Removed Pin From Net: NetName=LPDDR4_A4_A Pin=U1-1B1
Removed Pin From Net: NetName=LPDDR4_A3_A Pin=U1-1B3
Removed Pin From Net: NetName=LPDDR4_CS0n_B Pin=U1-1B5
Removed Pin From Net: NetName=LPDDR4_A3_B Pin=U1-1B6
Removed Pin From Net: NetName=LPDDR4_A2_B Pin=U1-1B7
Removed Pin From Net: NetName=LPDDR4_DM0_B Pin=U1-1B8
Removed Pin From Net: NetName=LPDDR4_DQ6_B Pin=U1-1B9
Removed Pin From Net: NetName=LPDDR4_A2_A Pin=U1-1C1
Removed Pin From Net: NetName=LPDDR4_CKE1_A Pin=U1-1C3
Removed Pin From Net: NetName=LPDDR4_RESETN Pin=U1-1C7
Removed Pin From Net: NetName=LPDDR4_DQ14_B Pin=U1-1C10
Removed Pin From Net: NetName=LPDDR4_DQ7_A Pin=U1-1E1
Removed Pin From Net: NetName=LPDDR4_DM0_A Pin=U1-1E2
Removed Pin From Net: NetName=LPDDR4_DQ14_A Pin=U1-1F1
Removed Pin From Net: NetName=LPDDR4_DQ13_A Pin=U1-1F2
Removed Pin From Net: NetName=LPDDR4_DM1_A Pin=U1-1G1
Removed Pin From Net: NetName=LPDDR4_DQ15_A Pin=U1-1G2
Removed Pin From Net: NetName=LPDDR4_CS1n_A Pin=U1-A3
Removed Pin From Net: NetName=LPDDR4_CLKP_A Pin=U1-A5
Removed Pin From Net: NetName=LPDDR4_CLKP_B Pin=U1-A7
Removed Pin From Net: NetName=LPDDR4_A0_B Pin=U1-A9
Removed Pin From Net: NetName=LPDDR4_ODT0_CA_B Pin=U1-A10
Removed Pin From Net: NetName=LPDDR4_DQS0N_B Pin=U1-A12
Removed Pin From Net: NetName=LPDDR4_DQS0P_B Pin=U1-A13
Removed Pin From Net: NetName=LPDDR4_DQ12_B Pin=U1-A15
Removed Pin From Net: NetName=LPDDR4_DQS1P_B Pin=U1-A17
Removed Pin From Net: NetName=LPDDR4_DQ9_B Pin=U1-A19
Removed Pin From Net: NetName=LPDDR4_DQ10_B Pin=U1-A20
Removed Pin From Net: NetName=LPDDR4_CS0n_A Pin=U1-B3
Removed Pin From Net: NetName=LPDDR4_CKE0_A Pin=U1-B4
Removed Pin From Net: NetName=LPDDR4_CLKN_A Pin=U1-B5
Removed Pin From Net: NetName=LPDDR4_CLKN_B Pin=U1-B7
Removed Pin From Net: NetName=LPDDR4_A5_B Pin=U1-B8
Removed Pin From Net: NetName=LPDDR4_A1_B Pin=U1-B9
Removed Pin From Net: NetName=LPDDR4_DQ1_B Pin=U1-B10
Removed Pin From Net: NetName=LPDDR4_DQ0_B Pin=U1-B12
Removed Pin From Net: NetName=LPDDR4_DQ4_B Pin=U1-B13
Removed Pin From Net: NetName=LPDDR4_DQ13_B Pin=U1-B15
Removed Pin From Net: NetName=LPDDR4_DQ15_B Pin=U1-B16
Removed Pin From Net: NetName=LPDDR4_DQS1N_B Pin=U1-B17
Removed Pin From Net: NetName=LPDDR4_DQ8_B Pin=U1-B19
Removed Pin From Net: NetName=LPDDR4_DQ11_B Pin=U1-B20
Removed Pin From Net: NetName=LPDDR4_A1_A Pin=U1-C1
Removed Pin From Net: NetName=LPDDR4_A0_A Pin=U1-C2
Removed Pin From Net: NetName=LPDDR4_DQ3_A Pin=U1-E1
Removed Pin From Net: NetName=LPDDR4_ODT0_CA_A Pin=U1-E2
Removed Pin From Net: NetName=LPDDR4_DQ2_A Pin=U1-F1
Removed Pin From Net: NetName=LPDDR4_DQ1_A Pin=U1-F2
Removed Pin From Net: NetName=LPDDR4_DQ0_A Pin=U1-G2
Removed Pin From Net: NetName=LPDDR4_DQS0N_A Pin=U1-H1
Removed Pin From Net: NetName=LPDDR4_DQS0P_A Pin=U1-H2
Removed Pin From Net: NetName=LPDDR4_DQ5_A Pin=U1-K1
Removed Pin From Net: NetName=LPDDR4_DQ6_A Pin=U1-K2
Removed Pin From Net: NetName=LPDDR4_DQ12_A Pin=U1-M1
Removed Pin From Net: NetName=LPDDR4_DQ4_A Pin=U1-M2
Removed Pin From Net: NetName=LPDDR4_DQS1P_A Pin=U1-N1
Removed Pin From Net: NetName=LPDDR4_DQS1N_A Pin=U1-N2
Removed Pin From Net: NetName=LPDDR4_DQ8_A Pin=U1-P2
Removed Pin From Net: NetName=LPDDR4_DQ9_A Pin=U1-R1
Removed Pin From Net: NetName=LPDDR4_DQ10_A Pin=U1-R2
Removed Pin From Net: NetName=LPDDR4_DQ11_A Pin=U1-T2
Removed Member From Class: ClassName=RK3566_DDR_PHY Member=U??
Change Component Designator: OldDesignator=U?? NewDesignator=U1
Added Pin To Net: NetName=LPDDR4_A5_A Pin=U1-1A1
Added Pin To Net: NetName=LPDDR4_CKE1_B Pin=U1-1A2
Added Pin To Net: NetName=LPDDR4_CKE0_B Pin=U1-1A3
Added Pin To Net: NetName=LPDDR4_CS1n_B Pin=U1-1A5
Added Pin To Net: NetName=LPDDR4_A4_B Pin=U1-1A6
Added Pin To Net: NetName=LPDDR4_DQ3_B Pin=U1-1A7
Added Pin To Net: NetName=LPDDR4_DQ2_B Pin=U1-1A8
Added Pin To Net: NetName=LPDDR4_DQ7_B Pin=U1-1A9
Added Pin To Net: NetName=LPDDR4_DQ5_B Pin=U1-1A10
Added Pin To Net: NetName=LPDDR4_DM1_B Pin=U1-1A11
Added Pin To Net: NetName=LPDDR4_A4_A Pin=U1-1B1
Added Pin To Net: NetName=LPDDR4_A3_A Pin=U1-1B3
Added Pin To Net: NetName=LPDDR4_CS0n_B Pin=U1-1B5
Added Pin To Net: NetName=LPDDR4_A3_B Pin=U1-1B6
Added Pin To Net: NetName=LPDDR4_A2_B Pin=U1-1B7
Added Pin To Net: NetName=LPDDR4_DM0_B Pin=U1-1B8
Added Pin To Net: NetName=LPDDR4_DQ6_B Pin=U1-1B9
Added Pin To Net: NetName=LPDDR4_A2_A Pin=U1-1C1
Added Pin To Net: NetName=LPDDR4_CKE1_A Pin=U1-1C3
Added Pin To Net: NetName=LPDDR4_RESETN Pin=U1-1C7
Added Pin To Net: NetName=LPDDR4_DQ14_B Pin=U1-1C10
Added Pin To Net: NetName=LPDDR4_DQ7_A Pin=U1-1E1
Added Pin To Net: NetName=LPDDR4_DM0_A Pin=U1-1E2
Added Pin To Net: NetName=LPDDR4_DQ14_A Pin=U1-1F1
Added Pin To Net: NetName=LPDDR4_DQ13_A Pin=U1-1F2
Added Pin To Net: NetName=LPDDR4_DM1_A Pin=U1-1G1
Added Pin To Net: NetName=LPDDR4_DQ15_A Pin=U1-1G2
Added Pin To Net: NetName=LPDDR4_CS1n_A Pin=U1-A3
Added Pin To Net: NetName=LPDDR4_CLKP_A Pin=U1-A5
Added Pin To Net: NetName=LPDDR4_CLKP_B Pin=U1-A7
Added Pin To Net: NetName=LPDDR4_A0_B Pin=U1-A9
Added Pin To Net: NetName=LPDDR4_ODT0_CA_B Pin=U1-A10
Added Pin To Net: NetName=LPDDR4_DQS0N_B Pin=U1-A12
Added Pin To Net: NetName=LPDDR4_DQS0P_B Pin=U1-A13
Added Pin To Net: NetName=LPDDR4_DQ12_B Pin=U1-A15
Added Pin To Net: NetName=LPDDR4_DQS1P_B Pin=U1-A17
Added Pin To Net: NetName=LPDDR4_DQ9_B Pin=U1-A19
Added Pin To Net: NetName=LPDDR4_DQ10_B Pin=U1-A20
Added Pin To Net: NetName=LPDDR4_CS0n_A Pin=U1-B3
Added Pin To Net: NetName=LPDDR4_CKE0_A Pin=U1-B4
Added Pin To Net: NetName=LPDDR4_CLKN_A Pin=U1-B5
Added Pin To Net: NetName=LPDDR4_CLKN_B Pin=U1-B7
Added Pin To Net: NetName=LPDDR4_A5_B Pin=U1-B8
Added Pin To Net: NetName=LPDDR4_A1_B Pin=U1-B9
Added Pin To Net: NetName=LPDDR4_DQ1_B Pin=U1-B10
Added Pin To Net: NetName=LPDDR4_DQ0_B Pin=U1-B12
Added Pin To Net: NetName=LPDDR4_DQ4_B Pin=U1-B13
Added Pin To Net: NetName=LPDDR4_DQ13_B Pin=U1-B15
Added Pin To Net: NetName=LPDDR4_DQ15_B Pin=U1-B16
Added Pin To Net: NetName=LPDDR4_DQS1N_B Pin=U1-B17
Added Pin To Net: NetName=LPDDR4_DQ8_B Pin=U1-B19
Added Pin To Net: NetName=LPDDR4_DQ11_B Pin=U1-B20
Added Pin To Net: NetName=LPDDR4_A1_A Pin=U1-C1
Added Pin To Net: NetName=LPDDR4_A0_A Pin=U1-C2
Added Pin To Net: NetName=LPDDR4_DQ3_A Pin=U1-E1
Added Pin To Net: NetName=LPDDR4_ODT0_CA_A Pin=U1-E2
Added Pin To Net: NetName=LPDDR4_DQ2_A Pin=U1-F1
Added Pin To Net: NetName=LPDDR4_DQ1_A Pin=U1-F2
Added Pin To Net: NetName=LPDDR4_DQ0_A Pin=U1-G2
Added Pin To Net: NetName=LPDDR4_DQS0N_A Pin=U1-H1
Added Pin To Net: NetName=LPDDR4_DQS0P_A Pin=U1-H2
Added Pin To Net: NetName=LPDDR4_DQ5_A Pin=U1-K1
Added Pin To Net: NetName=LPDDR4_DQ6_A Pin=U1-K2
Added Pin To Net: NetName=LPDDR4_DQ12_A Pin=U1-M1
Added Pin To Net: NetName=LPDDR4_DQ4_A Pin=U1-M2
Added Pin To Net: NetName=LPDDR4_DQS1P_A Pin=U1-N1
Added Pin To Net: NetName=LPDDR4_DQS1N_A Pin=U1-N2
Added Pin To Net: NetName=LPDDR4_DQ8_A Pin=U1-P2
Added Pin To Net: NetName=LPDDR4_DQ9_A Pin=U1-R1
Added Pin To Net: NetName=LPDDR4_DQ10_A Pin=U1-R2
Added Pin To Net: NetName=LPDDR4_DQ11_A Pin=U1-T2
