Added Component: Designator=U??(FBGA-200_L15.0-W10.0-BL_H9HCNNNBKUMLXR)
Add component (AddParameter): Name = "Symbol"; Value = "H9HCNNNBKUMLXR-NEE"; VariantName = "[No Variations]"
Added Component: Designator=U??(FBGA-200_L15.0-W10.0-BL_H9HCNNNBKUMLXR)
Add component (AddParameter): Name = "Symbol"; Value = "H9HCNNNBKUMLXR-NEE"; VariantName = "[No Variations]"
Added Component: Designator=U??(FBGA-200_L15.0-W10.0-BL_H9HCNNNBKUMLXR)
Add component (AddParameter): Name = "Symbol"; Value = "H9HCNNNBKUMLXR-NEE"; VariantName = "[No Variations]"
Added Pin To Net: NetName=LPDDR4_DQ0_B Pin=U??-AA2
Added Pin To Net: NetName=LPDDR4_DQ7_B Pin=U??-AA4
Added Pin To Net: NetName=LPDDR4_DQ3_B Pin=U??-U2
Added Pin To Net: NetName=LPDDR4_DQ4_B Pin=U??-U4
Added Pin To Net: NetName=LPDDR4_DQ2_B Pin=U??-V2
Added Pin To Net: NetName=LPDDR4_DQS0N_B Pin=U??-V3
Added Pin To Net: NetName=LPDDR4_DQ5_B Pin=U??-V4
Added Pin To Net: NetName=LPDDR4_DQS0P_B Pin=U??-W3
Added Pin To Net: NetName=LPDDR4_DQ1_B Pin=U??-Y2
Added Pin To Net: NetName=LPDDR4_DM0_B Pin=U??-Y3
Added Pin To Net: NetName=LPDDR4_DQ6_B Pin=U??-Y4
Added Member To Class: ClassName=LPDDR4 Member=Component U?? H9HCNNNBKUMLXR-NEE
Added Member To Class: ClassName=LPDDR4 Member=Component U?? H9HCNNNBKUMLXR-NEE
Added Member To Class: ClassName=LPDDR4 Member=Component U?? H9HCNNNBKUMLXR-NEE
Added Member To Class: ClassName=LPDDR4 Member=Component U?? H9HCNNNBKUMLXR-NEE
Added Member To Class: ClassName=RK3566_DDR_PHY Member=Component U?? RK3566
