Removed Pin From Net: NetName=LPDDR4_DQ0_B Pin=U2-AA2
Removed Pin From Net: NetName=LPDDR4_DQ7_B Pin=U2-AA4
Removed Pin From Net: NetName=LPDDR4_DQ15_B Pin=U2-AA9
Removed Pin From Net: NetName=LPDDR4_DQ8_B Pin=U2-AA11
Removed Pin From Net: NetName=LPDDR4_DQ0_A Pin=U2-B2
Removed Pin From Net: NetName=LPDDR4_DQ7_A Pin=U2-B4
Removed Pin From Net: NetName=LPDDR4_DQ15_A Pin=U2-B9
Removed Pin From Net: NetName=LPDDR4_DQ8_A Pin=U2-B11
Removed Pin From Net: NetName=LPDDR4_DQ1_A Pin=U2-C2
Removed Pin From Net: NetName=LPDDR4_DM0_A Pin=U2-C3
Removed Pin From Net: NetName=LPDDR4_DQ6_A Pin=U2-C4
Removed Pin From Net: NetName=LPDDR4_DQ14_A Pin=U2-C9
Removed Pin From Net: NetName=LPDDR4_DM1_A Pin=U2-C10
Removed Pin From Net: NetName=LPDDR4_DQ9_A Pin=U2-C11
Removed Pin From Net: NetName=LPDDR4_DQS0P_A Pin=U2-D3
Removed Pin From Net: NetName=LPDDR4_DQS1P_A Pin=U2-D10
Removed Pin From Net: NetName=LPDDR4_DQ2_A Pin=U2-E2
Removed Pin From Net: NetName=LPDDR4_DQS0N_A Pin=U2-E3
Removed Pin From Net: NetName=LPDDR4_DQ5_A Pin=U2-E4
Removed Pin From Net: NetName=LPDDR4_DQ13_A Pin=U2-E9
Removed Pin From Net: NetName=LPDDR4_DQS1N_A Pin=U2-E10
Removed Pin From Net: NetName=LPDDR4_DQ10_A Pin=U2-E11
Removed Pin From Net: NetName=LPDDR4_DQ3_A Pin=U2-F2
Removed Pin From Net: NetName=LPDDR4_DQ4_A Pin=U2-F4
Removed Pin From Net: NetName=LPDDR4_DQ12_A Pin=U2-F9
Removed Pin From Net: NetName=LPDDR4_DQ11_A Pin=U2-F11
Removed Pin From Net: NetName=LPDDR4_ODT0_CA_A Pin=U2-G2
Removed Pin From Net: NetName=LPDDR4_A0_A Pin=U2-H2
Removed Pin From Net: NetName=LPDDR4_CS1n_A Pin=U2-H3
Removed Pin From Net: NetName=LPDDR4_CS0n_A Pin=U2-H4
Removed Pin From Net: NetName=LPDDR4_A2_A Pin=U2-H9
Removed Pin From Net: NetName=LPDDR4_A3_A Pin=U2-H10
Removed Pin From Net: NetName=LPDDR4_A4_A Pin=U2-H11
Removed Pin From Net: NetName=LPDDR4_A1_A Pin=U2-J2
Removed Pin From Net: NetName=LPDDR4_CKE0_A Pin=U2-J4
Removed Pin From Net: NetName=LPDDR4_CKE1_A Pin=U2-J5
Removed Pin From Net: NetName=LPDDR4_CLKP_A Pin=U2-J8
Removed Pin From Net: NetName=LPDDR4_CLKN_A Pin=U2-J9
Removed Pin From Net: NetName=LPDDR4_A5_A Pin=U2-J11
Removed Pin From Net: NetName=LPDDR4_A1_B Pin=U2-P2
Removed Pin From Net: NetName=LPDDR4_CKE0_B Pin=U2-P4
Removed Pin From Net: NetName=LPDDR4_CKE1_B Pin=U2-P5
Removed Pin From Net: NetName=LPDDR4_CLKP_B Pin=U2-P8
Removed Pin From Net: NetName=LPDDR4_CLKN_B Pin=U2-P9
Removed Pin From Net: NetName=LPDDR4_A5_B Pin=U2-P11
Removed Pin From Net: NetName=LPDDR4_A0_B Pin=U2-R2
Removed Pin From Net: NetName=LPDDR4_CS1n_B Pin=U2-R3
Removed Pin From Net: NetName=LPDDR4_CS0n_B Pin=U2-R4
Removed Pin From Net: NetName=LPDDR4_A2_B Pin=U2-R9
Removed Pin From Net: NetName=LPDDR4_A3_B Pin=U2-R10
Removed Pin From Net: NetName=LPDDR4_A4_B Pin=U2-R11
Removed Pin From Net: NetName=LPDDR4_ODT0_CA_B Pin=U2-T2
Removed Pin From Net: NetName=LPDDR4_RESETN Pin=U2-T11
Removed Pin From Net: NetName=LPDDR4_DQ3_B Pin=U2-U2
Removed Pin From Net: NetName=LPDDR4_DQ4_B Pin=U2-U4
Removed Pin From Net: NetName=LPDDR4_DQ12_B Pin=U2-U9
Removed Pin From Net: NetName=LPDDR4_DQ11_B Pin=U2-U11
Removed Pin From Net: NetName=LPDDR4_DQ2_B Pin=U2-V2
Removed Pin From Net: NetName=LPDDR4_DQS0N_B Pin=U2-V3
Removed Pin From Net: NetName=LPDDR4_DQ5_B Pin=U2-V4
Removed Pin From Net: NetName=LPDDR4_DQ13_B Pin=U2-V9
Removed Pin From Net: NetName=LPDDR4_DQS1N_B Pin=U2-V10
Removed Pin From Net: NetName=LPDDR4_DQ10_B Pin=U2-V11
Removed Pin From Net: NetName=LPDDR4_DQS0P_B Pin=U2-W3
Removed Pin From Net: NetName=LPDDR4_DQS1P_B Pin=U2-W10
Removed Pin From Net: NetName=LPDDR4_DQ1_B Pin=U2-Y2
Removed Pin From Net: NetName=LPDDR4_DM0_B Pin=U2-Y3
Removed Pin From Net: NetName=LPDDR4_DQ6_B Pin=U2-Y4
Removed Pin From Net: NetName=LPDDR4_DQ14_B Pin=U2-Y9
Removed Pin From Net: NetName=LPDDR4_DM1_B Pin=U2-Y10
Removed Pin From Net: NetName=LPDDR4_DQ9_B Pin=U2-Y11
Removed Member From Class: ClassName=LPDDR4 Member=U??
Change Component Designator: OldDesignator=U?? NewDesignator=U2
Added Pin To Net: NetName=LPDDR4_DQ0_B Pin=U2-AA2
Added Pin To Net: NetName=LPDDR4_DQ7_B Pin=U2-AA4
Added Pin To Net: NetName=LPDDR4_DQ15_B Pin=U2-AA9
Added Pin To Net: NetName=LPDDR4_DQ8_B Pin=U2-AA11
Added Pin To Net: NetName=LPDDR4_DQ0_A Pin=U2-B2
Added Pin To Net: NetName=LPDDR4_DQ7_A Pin=U2-B4
Added Pin To Net: NetName=LPDDR4_DQ15_A Pin=U2-B9
Added Pin To Net: NetName=LPDDR4_DQ8_A Pin=U2-B11
Added Pin To Net: NetName=LPDDR4_DQ1_A Pin=U2-C2
Added Pin To Net: NetName=LPDDR4_DM0_A Pin=U2-C3
Added Pin To Net: NetName=LPDDR4_DQ6_A Pin=U2-C4
Added Pin To Net: NetName=LPDDR4_DQ14_A Pin=U2-C9
Added Pin To Net: NetName=LPDDR4_DM1_A Pin=U2-C10
Added Pin To Net: NetName=LPDDR4_DQ9_A Pin=U2-C11
Added Pin To Net: NetName=LPDDR4_DQS0P_A Pin=U2-D3
Added Pin To Net: NetName=LPDDR4_DQS1P_A Pin=U2-D10
Added Pin To Net: NetName=LPDDR4_DQ2_A Pin=U2-E2
Added Pin To Net: NetName=LPDDR4_DQS0N_A Pin=U2-E3
Added Pin To Net: NetName=LPDDR4_DQ5_A Pin=U2-E4
Added Pin To Net: NetName=LPDDR4_DQ13_A Pin=U2-E9
Added Pin To Net: NetName=LPDDR4_DQS1N_A Pin=U2-E10
Added Pin To Net: NetName=LPDDR4_DQ10_A Pin=U2-E11
Added Pin To Net: NetName=LPDDR4_DQ3_A Pin=U2-F2
Added Pin To Net: NetName=LPDDR4_DQ4_A Pin=U2-F4
Added Pin To Net: NetName=LPDDR4_DQ12_A Pin=U2-F9
Added Pin To Net: NetName=LPDDR4_DQ11_A Pin=U2-F11
Added Pin To Net: NetName=LPDDR4_ODT0_CA_A Pin=U2-G2
Added Pin To Net: NetName=LPDDR4_A0_A Pin=U2-H2
Added Pin To Net: NetName=LPDDR4_CS1n_A Pin=U2-H3
Added Pin To Net: NetName=LPDDR4_CS0n_A Pin=U2-H4
Added Pin To Net: NetName=LPDDR4_A2_A Pin=U2-H9
Added Pin To Net: NetName=LPDDR4_A3_A Pin=U2-H10
Added Pin To Net: NetName=LPDDR4_A4_A Pin=U2-H11
Added Pin To Net: NetName=LPDDR4_A1_A Pin=U2-J2
Added Pin To Net: NetName=LPDDR4_CKE0_A Pin=U2-J4
Added Pin To Net: NetName=LPDDR4_CKE1_A Pin=U2-J5
Added Pin To Net: NetName=LPDDR4_CLKP_A Pin=U2-J8
Added Pin To Net: NetName=LPDDR4_CLKN_A Pin=U2-J9
Added Pin To Net: NetName=LPDDR4_A5_A Pin=U2-J11
Added Pin To Net: NetName=LPDDR4_A1_B Pin=U2-P2
Added Pin To Net: NetName=LPDDR4_CKE0_B Pin=U2-P4
Added Pin To Net: NetName=LPDDR4_CKE1_B Pin=U2-P5
Added Pin To Net: NetName=LPDDR4_CLKP_B Pin=U2-P8
Added Pin To Net: NetName=LPDDR4_CLKN_B Pin=U2-P9
Added Pin To Net: NetName=LPDDR4_A5_B Pin=U2-P11
Added Pin To Net: NetName=LPDDR4_A0_B Pin=U2-R2
Added Pin To Net: NetName=LPDDR4_CS1n_B Pin=U2-R3
Added Pin To Net: NetName=LPDDR4_CS0n_B Pin=U2-R4
Added Pin To Net: NetName=LPDDR4_A2_B Pin=U2-R9
Added Pin To Net: NetName=LPDDR4_A3_B Pin=U2-R10
Added Pin To Net: NetName=LPDDR4_A4_B Pin=U2-R11
Added Pin To Net: NetName=LPDDR4_ODT0_CA_B Pin=U2-T2
Added Pin To Net: NetName=LPDDR4_RESETN Pin=U2-T11
Added Pin To Net: NetName=LPDDR4_DQ3_B Pin=U2-U2
Added Pin To Net: NetName=LPDDR4_DQ4_B Pin=U2-U4
Added Pin To Net: NetName=LPDDR4_DQ12_B Pin=U2-U9
Added Pin To Net: NetName=LPDDR4_DQ11_B Pin=U2-U11
Added Pin To Net: NetName=LPDDR4_DQ2_B Pin=U2-V2
Added Pin To Net: NetName=LPDDR4_DQS0N_B Pin=U2-V3
Added Pin To Net: NetName=LPDDR4_DQ5_B Pin=U2-V4
Added Pin To Net: NetName=LPDDR4_DQ13_B Pin=U2-V9
Added Pin To Net: NetName=LPDDR4_DQS1N_B Pin=U2-V10
Added Pin To Net: NetName=LPDDR4_DQ10_B Pin=U2-V11
Added Pin To Net: NetName=LPDDR4_DQS0P_B Pin=U2-W3
Added Pin To Net: NetName=LPDDR4_DQS1P_B Pin=U2-W10
Added Pin To Net: NetName=LPDDR4_DQ1_B Pin=U2-Y2
Added Pin To Net: NetName=LPDDR4_DM0_B Pin=U2-Y3
Added Pin To Net: NetName=LPDDR4_DQ6_B Pin=U2-Y4
Added Pin To Net: NetName=LPDDR4_DQ14_B Pin=U2-Y9
Added Pin To Net: NetName=LPDDR4_DM1_B Pin=U2-Y10
Added Pin To Net: NetName=LPDDR4_DQ9_B Pin=U2-Y11
