Change Component Designator: Old Designator=C17 New Designator=C70
Change Component Designator: Old Designator=C18 New Designator=C71
Change Component Designator: Old Designator=C19 New Designator=C72
Change Component Designator: Old Designator=C20 New Designator=C73
Change Component Designator: Old Designator=C21 New Designator=C74
Change Component Designator: Old Designator=C22 New Designator=C75
Change Component Designator: Old Designator=C23 New Designator=C76
Change Component Designator: Old Designator=C24 New Designator=C77
Change Component Designator: Old Designator=C25 New Designator=C78
Change Component Designator: Old Designator=C26 New Designator=C79
Change Component Designator: Old Designator=C27 New Designator=C80
Change Component Designator: Old Designator=C28 New Designator=C81
Change Component Designator: Old Designator=C29 New Designator=C82
Change Component Designator: Old Designator=C30 New Designator=C83
Change Component Designator: Old Designator=C31 New Designator=C84
Change Component Designator: Old Designator=C32 New Designator=C85
Change Component Designator: Old Designator=C33 New Designator=C86
Change Component Designator: Old Designator=C34 New Designator=C87
Change Component Designator: Old Designator=C35 New Designator=C88
Change Component Designator: Old Designator=C36 New Designator=C89
Change Component Designator: Old Designator=C37 New Designator=C90
Change Component Designator: Old Designator=C38 New Designator=C92
Change Component Designator: Old Designator=C39 New Designator=C93
Change Component Designator: Old Designator=C40 New Designator=C94
Change Component Designator: Old Designator=C41 New Designator=C96
Change Component Designator: Old Designator=C42 New Designator=C97
Change Component Designator: Old Designator=C43 New Designator=C101
Change Component Designator: Old Designator=C44 New Designator=C102
Change Component Designator: Old Designator=C45 New Designator=C104
Change Component Designator: Old Designator=C46 New Designator=C105
Change Component Designator: Old Designator=C47 New Designator=C106
Change Component Designator: Old Designator=C48 New Designator=C107
Change Component Designator: Old Designator=C49 New Designator=C108
Change Component Designator: Old Designator=C50 New Designator=C110
Change Component Designator: Old Designator=C51 New Designator=C91
Change Component Designator: Old Designator=C52 New Designator=C98
Change Component Designator: Old Designator=C53 New Designator=C100
Change Component Designator: Old Designator=C54 New Designator=C95
Change Component Designator: Old Designator=C55 New Designator=C99
Change Component Designator: Old Designator=C56 New Designator=C103
Change Component Designator: Old Designator=C57 New Designator=C109
Change Component Designator: Old Designator=C58 New Designator=C111
Change Component Designator: Old Designator=C59 New Designator=C112
Change Component Designator: Old Designator=C60 New Designator=C113
Change Component Designator: Old Designator=C61 New Designator=C114
Change Component Designator: Old Designator=C62 New Designator=C115
Change Component Designator: Old Designator=C63 New Designator=C116
Change Component Designator: Old Designator=C64 New Designator=C117
Change Component Designator: Old Designator=L2 New Designator=L3
Change Component Designator: Old Designator=L3 New Designator=L4
Change Component Designator: Old Designator=L4 New Designator=L5
Change Component Designator: Old Designator=L5 New Designator=L6
Change Component Designator: Old Designator=L6 New Designator=L7
Change Component Designator: Old Designator=L7 New Designator=L8
Change Component Designator: Old Designator=L8 New Designator=L9
Change Component Designator: Old Designator=L9 New Designator=L10
Change Component Designator: Old Designator=R41 New Designator=R44
Change Component Designator: Old Designator=R42 New Designator=R45
Change Component Designator: Old Designator=R43 New Designator=R46
Change Component Designator: Old Designator=R44 New Designator=R47
Change Component Designator: Old Designator=R45 New Designator=R48
Change Component Designator: Old Designator=R46 New Designator=R49
Change Component Designator: Old Designator=R47 New Designator=R50
Change Component Designator: Old Designator=R48 New Designator=R51
Change Component Designator: Old Designator=R49 New Designator=R54
Change Component Designator: Old Designator=R50 New Designator=R55
Change Component Designator: Old Designator=R51 New Designator=R52
Change Component Designator: Old Designator=R52 New Designator=R53
Change Component Designator: Old Designator=U4 New Designator=U20
Change Component Designator: Old Designator=X2 New Designator=X3
